The system is: Linux - 4.15.0-36-generic - x86_64
Compiling the C compiler identification source file "CMakeCCompilerId.c" succeeded.
Compiler: /usr/bin/cc 
Build flags: ;-ffunction-sections;-fdata-sections;-fPIC;-m64
Id flags: 

The output was:
0


Compilation of the C compiler identification source "CMakeCCompilerId.c" produced "a.out"

The C compiler identification is GNU, found in "/root/sgx/samplecode/wasmi/app/target/release/build/wabt-sys-df2057af7e7ecab9/out/build/CMakeFiles/3.5.1/CompilerIdC/a.out"

Compiling the CXX compiler identification source file "CMakeCXXCompilerId.cpp" succeeded.
Compiler: /usr/bin/c++ 
Build flags: ;-ffunction-sections;-fdata-sections;-fPIC;-m64
Id flags: 

The output was:
0


Compilation of the CXX compiler identification source "CMakeCXXCompilerId.cpp" produced "a.out"

The CXX compiler identification is GNU, found in "/root/sgx/samplecode/wasmi/app/target/release/build/wabt-sys-df2057af7e7ecab9/out/build/CMakeFiles/3.5.1/CompilerIdCXX/a.out"

Determining if the C compiler works passed with the following output:
Change Dir: /root/sgx/samplecode/wasmi/app/target/release/build/wabt-sys-df2057af7e7ecab9/out/build/CMakeFiles/CMakeTmp

Run Build Command:"/usr/bin/make" "cmTC_38d33/fast"
make[1]: Entering directory '/root/sgx/samplecode/wasmi/app/target/release/build/wabt-sys-df2057af7e7ecab9/out/build/CMakeFiles/CMakeTmp'
/usr/bin/make -f CMakeFiles/cmTC_38d33.dir/build.make CMakeFiles/cmTC_38d33.dir/build
make[2]: Entering directory '/root/sgx/samplecode/wasmi/app/target/release/build/wabt-sys-df2057af7e7ecab9/out/build/CMakeFiles/CMakeTmp'
Building C object CMakeFiles/cmTC_38d33.dir/testCCompiler.c.o
/usr/bin/cc    -ffunction-sections -fdata-sections -fPIC -m64    -o CMakeFiles/cmTC_38d33.dir/testCCompiler.c.o   -c /root/sgx/samplecode/wasmi/app/target/release/build/wabt-sys-df2057af7e7ecab9/out/build/CMakeFiles/CMakeTmp/testCCompiler.c
Linking C executable cmTC_38d33
/usr/bin/cmake -E cmake_link_script CMakeFiles/cmTC_38d33.dir/link.txt --verbose=1
/usr/bin/cc   -ffunction-sections -fdata-sections -fPIC -m64     CMakeFiles/cmTC_38d33.dir/testCCompiler.c.o  -o cmTC_38d33 -rdynamic 
make[2]: Leaving directory '/root/sgx/samplecode/wasmi/app/target/release/build/wabt-sys-df2057af7e7ecab9/out/build/CMakeFiles/CMakeTmp'
make[1]: Leaving directory '/root/sgx/samplecode/wasmi/app/target/release/build/wabt-sys-df2057af7e7ecab9/out/build/CMakeFiles/CMakeTmp'


Detecting C compiler ABI info compiled with the following output:
Change Dir: /root/sgx/samplecode/wasmi/app/target/release/build/wabt-sys-df2057af7e7ecab9/out/build/CMakeFiles/CMakeTmp

Run Build Command:"/usr/bin/make" "cmTC_23817/fast"
make[1]: Entering directory '/root/sgx/samplecode/wasmi/app/target/release/build/wabt-sys-df2057af7e7ecab9/out/build/CMakeFiles/CMakeTmp'
/usr/bin/make -f CMakeFiles/cmTC_23817.dir/build.make CMakeFiles/cmTC_23817.dir/build
make[2]: Entering directory '/root/sgx/samplecode/wasmi/app/target/release/build/wabt-sys-df2057af7e7ecab9/out/build/CMakeFiles/CMakeTmp'
Building C object CMakeFiles/cmTC_23817.dir/CMakeCCompilerABI.c.o
/usr/bin/cc    -ffunction-sections -fdata-sections -fPIC -m64    -o CMakeFiles/cmTC_23817.dir/CMakeCCompilerABI.c.o   -c /usr/share/cmake-3.5/Modules/CMakeCCompilerABI.c
Linking C executable cmTC_23817
/usr/bin/cmake -E cmake_link_script CMakeFiles/cmTC_23817.dir/link.txt --verbose=1
/usr/bin/cc   -ffunction-sections -fdata-sections -fPIC -m64    -v CMakeFiles/cmTC_23817.dir/CMakeCCompilerABI.c.o  -o cmTC_23817 -rdynamic  
Using built-in specs.
COLLECT_GCC=/usr/bin/cc
COLLECT_LTO_WRAPPER=/usr/lib/gcc/x86_64-linux-gnu/5/lto-wrapper
Target: x86_64-linux-gnu
Configured with: ../src/configure -v --with-pkgversion='Ubuntu 5.4.0-6ubuntu1~16.04.10' --with-bugurl=file:///usr/share/doc/gcc-5/README.Bugs --enable-languages=c,ada,c++,java,go,d,fortran,objc,obj-c++ --prefix=/usr --program-suffix=-5 --enable-shared --enable-linker-build-id --libexecdir=/usr/lib --without-included-gettext --enable-threads=posix --libdir=/usr/lib --enable-nls --with-sysroot=/ --enable-clocale=gnu --enable-libstdcxx-debug --enable-libstdcxx-time=yes --with-default-libstdcxx-abi=new --enable-gnu-unique-object --disable-vtable-verify --enable-libmpx --enable-plugin --with-system-zlib --disable-browser-plugin --enable-java-awt=gtk --enable-gtk-cairo --with-java-home=/usr/lib/jvm/java-1.5.0-gcj-5-amd64/jre --enable-java-home --with-jvm-root-dir=/usr/lib/jvm/java-1.5.0-gcj-5-amd64 --with-jvm-jar-dir=/usr/lib/jvm-exports/java-1.5.0-gcj-5-amd64 --with-arch-directory=amd64 --with-ecj-jar=/usr/share/java/eclipse-ecj.jar --enable-objc-gc --enable-multiarch --disable-werror --with-arch-32=i686 --with-abi=m64 --with-multilib-list=m32,m64,mx32 --enable-multilib --with-tune=generic --enable-checking=release --build=x86_64-linux-gnu --host=x86_64-linux-gnu --target=x86_64-linux-gnu
Thread model: posix
gcc version 5.4.0 20160609 (Ubuntu 5.4.0-6ubuntu1~16.04.10) 
COMPILER_PATH=/usr/lib/gcc/x86_64-linux-gnu/5/:/usr/lib/gcc/x86_64-linux-gnu/5/:/usr/lib/gcc/x86_64-linux-gnu/:/usr/lib/gcc/x86_64-linux-gnu/5/:/usr/lib/gcc/x86_64-linux-gnu/
LIBRARY_PATH=/usr/lib/gcc/x86_64-linux-gnu/5/:/usr/lib/gcc/x86_64-linux-gnu/5/../../../x86_64-linux-gnu/:/usr/lib/gcc/x86_64-linux-gnu/5/../../../../lib/:/lib/x86_64-linux-gnu/:/lib/../lib/:/usr/lib/x86_64-linux-gnu/:/usr/lib/../lib/:/usr/lib/gcc/x86_64-linux-gnu/5/../../../:/lib/:/usr/lib/
COLLECT_GCC_OPTIONS='-ffunction-sections' '-fdata-sections' '-fPIC' '-m64' '-v' '-o' 'cmTC_23817' '-rdynamic' '-mtune=generic' '-march=x86-64'
 /usr/lib/gcc/x86_64-linux-gnu/5/collect2 -plugin /usr/lib/gcc/x86_64-linux-gnu/5/liblto_plugin.so -plugin-opt=/usr/lib/gcc/x86_64-linux-gnu/5/lto-wrapper -plugin-opt=-fresolution=/tmp/ccuoW3dY.res -plugin-opt=-pass-through=-lgcc -plugin-opt=-pass-through=-lgcc_s -plugin-opt=-pass-through=-lc -plugin-opt=-pass-through=-lgcc -plugin-opt=-pass-through=-lgcc_s --sysroot=/ --build-id --eh-frame-hdr -m elf_x86_64 --hash-style=gnu --as-needed -export-dynamic -dynamic-linker /lib64/ld-linux-x86-64.so.2 -z relro -o cmTC_23817 /usr/lib/gcc/x86_64-linux-gnu/5/../../../x86_64-linux-gnu/crt1.o /usr/lib/gcc/x86_64-linux-gnu/5/../../../x86_64-linux-gnu/crti.o /usr/lib/gcc/x86_64-linux-gnu/5/crtbegin.o -L/usr/lib/gcc/x86_64-linux-gnu/5 -L/usr/lib/gcc/x86_64-linux-gnu/5/../../../x86_64-linux-gnu -L/usr/lib/gcc/x86_64-linux-gnu/5/../../../../lib -L/lib/x86_64-linux-gnu -L/lib/../lib -L/usr/lib/x86_64-linux-gnu -L/usr/lib/../lib -L/usr/lib/gcc/x86_64-linux-gnu/5/../../.. CMakeFiles/cmTC_23817.dir/CMakeCCompilerABI.c.o -lgcc --as-needed -lgcc_s --no-as-needed -lc -lgcc --as-needed -lgcc_s --no-as-needed /usr/lib/gcc/x86_64-linux-gnu/5/crtend.o /usr/lib/gcc/x86_64-linux-gnu/5/../../../x86_64-linux-gnu/crtn.o
make[2]: Leaving directory '/root/sgx/samplecode/wasmi/app/target/release/build/wabt-sys-df2057af7e7ecab9/out/build/CMakeFiles/CMakeTmp'
make[1]: Leaving directory '/root/sgx/samplecode/wasmi/app/target/release/build/wabt-sys-df2057af7e7ecab9/out/build/CMakeFiles/CMakeTmp'


Parsed C implicit link information from above output:
  link line regex: [^( *|.*[/\])(ld|([^/\]+-)?ld|collect2)[^/\]*( |$)]
  ignore line: [Change Dir: /root/sgx/samplecode/wasmi/app/target/release/build/wabt-sys-df2057af7e7ecab9/out/build/CMakeFiles/CMakeTmp]
  ignore line: []
  ignore line: [Run Build Command:"/usr/bin/make" "cmTC_23817/fast"]
  ignore line: [make[1]: Entering directory '/root/sgx/samplecode/wasmi/app/target/release/build/wabt-sys-df2057af7e7ecab9/out/build/CMakeFiles/CMakeTmp']
  ignore line: [/usr/bin/make -f CMakeFiles/cmTC_23817.dir/build.make CMakeFiles/cmTC_23817.dir/build]
  ignore line: [make[2]: Entering directory '/root/sgx/samplecode/wasmi/app/target/release/build/wabt-sys-df2057af7e7ecab9/out/build/CMakeFiles/CMakeTmp']
  ignore line: [Building C object CMakeFiles/cmTC_23817.dir/CMakeCCompilerABI.c.o]
  ignore line: [/usr/bin/cc    -ffunction-sections -fdata-sections -fPIC -m64    -o CMakeFiles/cmTC_23817.dir/CMakeCCompilerABI.c.o   -c /usr/share/cmake-3.5/Modules/CMakeCCompilerABI.c]
  ignore line: [Linking C executable cmTC_23817]
  ignore line: [/usr/bin/cmake -E cmake_link_script CMakeFiles/cmTC_23817.dir/link.txt --verbose=1]
  ignore line: [/usr/bin/cc   -ffunction-sections -fdata-sections -fPIC -m64    -v CMakeFiles/cmTC_23817.dir/CMakeCCompilerABI.c.o  -o cmTC_23817 -rdynamic  ]
  ignore line: [Using built-in specs.]
  ignore line: [COLLECT_GCC=/usr/bin/cc]
  ignore line: [COLLECT_LTO_WRAPPER=/usr/lib/gcc/x86_64-linux-gnu/5/lto-wrapper]
  ignore line: [Target: x86_64-linux-gnu]
  ignore line: [Configured with: ../src/configure -v --with-pkgversion='Ubuntu 5.4.0-6ubuntu1~16.04.10' --with-bugurl=file:///usr/share/doc/gcc-5/README.Bugs --enable-languages=c,ada,c++,java,go,d,fortran,objc,obj-c++ --prefix=/usr --program-suffix=-5 --enable-shared --enable-linker-build-id --libexecdir=/usr/lib --without-included-gettext --enable-threads=posix --libdir=/usr/lib --enable-nls --with-sysroot=/ --enable-clocale=gnu --enable-libstdcxx-debug --enable-libstdcxx-time=yes --with-default-libstdcxx-abi=new --enable-gnu-unique-object --disable-vtable-verify --enable-libmpx --enable-plugin --with-system-zlib --disable-browser-plugin --enable-java-awt=gtk --enable-gtk-cairo --with-java-home=/usr/lib/jvm/java-1.5.0-gcj-5-amd64/jre --enable-java-home --with-jvm-root-dir=/usr/lib/jvm/java-1.5.0-gcj-5-amd64 --with-jvm-jar-dir=/usr/lib/jvm-exports/java-1.5.0-gcj-5-amd64 --with-arch-directory=amd64 --with-ecj-jar=/usr/share/java/eclipse-ecj.jar --enable-objc-gc --enable-multiarch --disable-werror --with-arch-32=i686 --with-abi=m64 --with-multilib-list=m32,m64,mx32 --enable-multilib --with-tune=generic --enable-checking=release --build=x86_64-linux-gnu --host=x86_64-linux-gnu --target=x86_64-linux-gnu]
  ignore line: [Thread model: posix]
  ignore line: [gcc version 5.4.0 20160609 (Ubuntu 5.4.0-6ubuntu1~16.04.10) ]
  ignore line: [COMPILER_PATH=/usr/lib/gcc/x86_64-linux-gnu/5/:/usr/lib/gcc/x86_64-linux-gnu/5/:/usr/lib/gcc/x86_64-linux-gnu/:/usr/lib/gcc/x86_64-linux-gnu/5/:/usr/lib/gcc/x86_64-linux-gnu/]
  ignore line: [LIBRARY_PATH=/usr/lib/gcc/x86_64-linux-gnu/5/:/usr/lib/gcc/x86_64-linux-gnu/5/../../../x86_64-linux-gnu/:/usr/lib/gcc/x86_64-linux-gnu/5/../../../../lib/:/lib/x86_64-linux-gnu/:/lib/../lib/:/usr/lib/x86_64-linux-gnu/:/usr/lib/../lib/:/usr/lib/gcc/x86_64-linux-gnu/5/../../../:/lib/:/usr/lib/]
  ignore line: [COLLECT_GCC_OPTIONS='-ffunction-sections' '-fdata-sections' '-fPIC' '-m64' '-v' '-o' 'cmTC_23817' '-rdynamic' '-mtune=generic' '-march=x86-64']
  link line: [ /usr/lib/gcc/x86_64-linux-gnu/5/collect2 -plugin /usr/lib/gcc/x86_64-linux-gnu/5/liblto_plugin.so -plugin-opt=/usr/lib/gcc/x86_64-linux-gnu/5/lto-wrapper -plugin-opt=-fresolution=/tmp/ccuoW3dY.res -plugin-opt=-pass-through=-lgcc -plugin-opt=-pass-through=-lgcc_s -plugin-opt=-pass-through=-lc -plugin-opt=-pass-through=-lgcc -plugin-opt=-pass-through=-lgcc_s --sysroot=/ --build-id --eh-frame-hdr -m elf_x86_64 --hash-style=gnu --as-needed -export-dynamic -dynamic-linker /lib64/ld-linux-x86-64.so.2 -z relro -o cmTC_23817 /usr/lib/gcc/x86_64-linux-gnu/5/../../../x86_64-linux-gnu/crt1.o /usr/lib/gcc/x86_64-linux-gnu/5/../../../x86_64-linux-gnu/crti.o /usr/lib/gcc/x86_64-linux-gnu/5/crtbegin.o -L/usr/lib/gcc/x86_64-linux-gnu/5 -L/usr/lib/gcc/x86_64-linux-gnu/5/../../../x86_64-linux-gnu -L/usr/lib/gcc/x86_64-linux-gnu/5/../../../../lib -L/lib/x86_64-linux-gnu -L/lib/../lib -L/usr/lib/x86_64-linux-gnu -L/usr/lib/../lib -L/usr/lib/gcc/x86_64-linux-gnu/5/../../.. CMakeFiles/cmTC_23817.dir/CMakeCCompilerABI.c.o -lgcc --as-needed -lgcc_s --no-as-needed -lc -lgcc --as-needed -lgcc_s --no-as-needed /usr/lib/gcc/x86_64-linux-gnu/5/crtend.o /usr/lib/gcc/x86_64-linux-gnu/5/../../../x86_64-linux-gnu/crtn.o]
    arg [/usr/lib/gcc/x86_64-linux-gnu/5/collect2] ==> ignore
    arg [-plugin] ==> ignore
    arg [/usr/lib/gcc/x86_64-linux-gnu/5/liblto_plugin.so] ==> ignore
    arg [-plugin-opt=/usr/lib/gcc/x86_64-linux-gnu/5/lto-wrapper] ==> ignore
    arg [-plugin-opt=-fresolution=/tmp/ccuoW3dY.res] ==> ignore
    arg [-plugin-opt=-pass-through=-lgcc] ==> ignore
    arg [-plugin-opt=-pass-through=-lgcc_s] ==> ignore
    arg [-plugin-opt=-pass-through=-lc] ==> ignore
    arg [-plugin-opt=-pass-through=-lgcc] ==> ignore
    arg [-plugin-opt=-pass-through=-lgcc_s] ==> ignore
    arg [--sysroot=/] ==> ignore
    arg [--build-id] ==> ignore
    arg [--eh-frame-hdr] ==> ignore
    arg [-m] ==> ignore
    arg [elf_x86_64] ==> ignore
    arg [--hash-style=gnu] ==> ignore
    arg [--as-needed] ==> ignore
    arg [-export-dynamic] ==> ignore
    arg [-dynamic-linker] ==> ignore
    arg [/lib64/ld-linux-x86-64.so.2] ==> ignore
    arg [-zrelro] ==> ignore
    arg [-o] ==> ignore
    arg [cmTC_23817] ==> ignore
    arg [/usr/lib/gcc/x86_64-linux-gnu/5/../../../x86_64-linux-gnu/crt1.o] ==> ignore
    arg [/usr/lib/gcc/x86_64-linux-gnu/5/../../../x86_64-linux-gnu/crti.o] ==> ignore
    arg [/usr/lib/gcc/x86_64-linux-gnu/5/crtbegin.o] ==> ignore
    arg [-L/usr/lib/gcc/x86_64-linux-gnu/5] ==> dir [/usr/lib/gcc/x86_64-linux-gnu/5]
    arg [-L/usr/lib/gcc/x86_64-linux-gnu/5/../../../x86_64-linux-gnu] ==> dir [/usr/lib/gcc/x86_64-linux-gnu/5/../../../x86_64-linux-gnu]
    arg [-L/usr/lib/gcc/x86_64-linux-gnu/5/../../../../lib] ==> dir [/usr/lib/gcc/x86_64-linux-gnu/5/../../../../lib]
    arg [-L/lib/x86_64-linux-gnu] ==> dir [/lib/x86_64-linux-gnu]
    arg [-L/lib/../lib] ==> dir [/lib/../lib]
    arg [-L/usr/lib/x86_64-linux-gnu] ==> dir [/usr/lib/x86_64-linux-gnu]
    arg [-L/usr/lib/../lib] ==> dir [/usr/lib/../lib]
    arg [-L/usr/lib/gcc/x86_64-linux-gnu/5/../../..] ==> dir [/usr/lib/gcc/x86_64-linux-gnu/5/../../..]
    arg [CMakeFiles/cmTC_23817.dir/CMakeCCompilerABI.c.o] ==> ignore
    arg [-lgcc] ==> lib [gcc]
    arg [--as-needed] ==> ignore
    arg [-lgcc_s] ==> lib [gcc_s]
    arg [--no-as-needed] ==> ignore
    arg [-lc] ==> lib [c]
    arg [-lgcc] ==> lib [gcc]
    arg [--as-needed] ==> ignore
    arg [-lgcc_s] ==> lib [gcc_s]
    arg [--no-as-needed] ==> ignore
    arg [/usr/lib/gcc/x86_64-linux-gnu/5/crtend.o] ==> ignore
    arg [/usr/lib/gcc/x86_64-linux-gnu/5/../../../x86_64-linux-gnu/crtn.o] ==> ignore
  remove lib [gcc]
  remove lib [gcc_s]
  remove lib [gcc]
  remove lib [gcc_s]
  collapse library dir [/usr/lib/gcc/x86_64-linux-gnu/5] ==> [/usr/lib/gcc/x86_64-linux-gnu/5]
  collapse library dir [/usr/lib/gcc/x86_64-linux-gnu/5/../../../x86_64-linux-gnu] ==> [/usr/lib/x86_64-linux-gnu]
  collapse library dir [/usr/lib/gcc/x86_64-linux-gnu/5/../../../../lib] ==> [/usr/lib]
  collapse library dir [/lib/x86_64-linux-gnu] ==> [/lib/x86_64-linux-gnu]
  collapse library dir [/lib/../lib] ==> [/lib]
  collapse library dir [/usr/lib/x86_64-linux-gnu] ==> [/usr/lib/x86_64-linux-gnu]
  collapse library dir [/usr/lib/../lib] ==> [/usr/lib]
  collapse library dir [/usr/lib/gcc/x86_64-linux-gnu/5/../../..] ==> [/usr/lib]
  implicit libs: [c]
  implicit dirs: [/usr/lib/gcc/x86_64-linux-gnu/5;/usr/lib/x86_64-linux-gnu;/usr/lib;/lib/x86_64-linux-gnu;/lib]
  implicit fwks: []




Detecting C [-std=c11] compiler features compiled with the following output:
Change Dir: /root/sgx/samplecode/wasmi/app/target/release/build/wabt-sys-df2057af7e7ecab9/out/build/CMakeFiles/CMakeTmp

Run Build Command:"/usr/bin/make" "cmTC_89559/fast"
make[1]: Entering directory '/root/sgx/samplecode/wasmi/app/target/release/build/wabt-sys-df2057af7e7ecab9/out/build/CMakeFiles/CMakeTmp'
/usr/bin/make -f CMakeFiles/cmTC_89559.dir/build.make CMakeFiles/cmTC_89559.dir/build
make[2]: Entering directory '/root/sgx/samplecode/wasmi/app/target/release/build/wabt-sys-df2057af7e7ecab9/out/build/CMakeFiles/CMakeTmp'
Building C object CMakeFiles/cmTC_89559.dir/feature_tests.c.o
/usr/bin/cc    -ffunction-sections -fdata-sections -fPIC -m64    -std=c11 -o CMakeFiles/cmTC_89559.dir/feature_tests.c.o   -c /root/sgx/samplecode/wasmi/app/target/release/build/wabt-sys-df2057af7e7ecab9/out/build/CMakeFiles/feature_tests.c
Linking C executable cmTC_89559
/usr/bin/cmake -E cmake_link_script CMakeFiles/cmTC_89559.dir/link.txt --verbose=1
/usr/bin/cc   -ffunction-sections -fdata-sections -fPIC -m64     CMakeFiles/cmTC_89559.dir/feature_tests.c.o  -o cmTC_89559 -rdynamic 
make[2]: Leaving directory '/root/sgx/samplecode/wasmi/app/target/release/build/wabt-sys-df2057af7e7ecab9/out/build/CMakeFiles/CMakeTmp'
make[1]: Leaving directory '/root/sgx/samplecode/wasmi/app/target/release/build/wabt-sys-df2057af7e7ecab9/out/build/CMakeFiles/CMakeTmp'


    Feature record: C_FEATURE:1c_function_prototypes
    Feature record: C_FEATURE:1c_restrict
    Feature record: C_FEATURE:1c_static_assert
    Feature record: C_FEATURE:1c_variadic_macros


Detecting C [-std=c99] compiler features compiled with the following output:
Change Dir: /root/sgx/samplecode/wasmi/app/target/release/build/wabt-sys-df2057af7e7ecab9/out/build/CMakeFiles/CMakeTmp

Run Build Command:"/usr/bin/make" "cmTC_969b0/fast"
make[1]: Entering directory '/root/sgx/samplecode/wasmi/app/target/release/build/wabt-sys-df2057af7e7ecab9/out/build/CMakeFiles/CMakeTmp'
/usr/bin/make -f CMakeFiles/cmTC_969b0.dir/build.make CMakeFiles/cmTC_969b0.dir/build
make[2]: Entering directory '/root/sgx/samplecode/wasmi/app/target/release/build/wabt-sys-df2057af7e7ecab9/out/build/CMakeFiles/CMakeTmp'
Building C object CMakeFiles/cmTC_969b0.dir/feature_tests.c.o
/usr/bin/cc    -ffunction-sections -fdata-sections -fPIC -m64    -std=c99 -o CMakeFiles/cmTC_969b0.dir/feature_tests.c.o   -c /root/sgx/samplecode/wasmi/app/target/release/build/wabt-sys-df2057af7e7ecab9/out/build/CMakeFiles/feature_tests.c
Linking C executable cmTC_969b0
/usr/bin/cmake -E cmake_link_script CMakeFiles/cmTC_969b0.dir/link.txt --verbose=1
/usr/bin/cc   -ffunction-sections -fdata-sections -fPIC -m64     CMakeFiles/cmTC_969b0.dir/feature_tests.c.o  -o cmTC_969b0 -rdynamic 
make[2]: Leaving directory '/root/sgx/samplecode/wasmi/app/target/release/build/wabt-sys-df2057af7e7ecab9/out/build/CMakeFiles/CMakeTmp'
make[1]: Leaving directory '/root/sgx/samplecode/wasmi/app/target/release/build/wabt-sys-df2057af7e7ecab9/out/build/CMakeFiles/CMakeTmp'


    Feature record: C_FEATURE:1c_function_prototypes
    Feature record: C_FEATURE:1c_restrict
    Feature record: C_FEATURE:0c_static_assert
    Feature record: C_FEATURE:1c_variadic_macros


Detecting C [-std=c90] compiler features compiled with the following output:
Change Dir: /root/sgx/samplecode/wasmi/app/target/release/build/wabt-sys-df2057af7e7ecab9/out/build/CMakeFiles/CMakeTmp

Run Build Command:"/usr/bin/make" "cmTC_65478/fast"
make[1]: Entering directory '/root/sgx/samplecode/wasmi/app/target/release/build/wabt-sys-df2057af7e7ecab9/out/build/CMakeFiles/CMakeTmp'
/usr/bin/make -f CMakeFiles/cmTC_65478.dir/build.make CMakeFiles/cmTC_65478.dir/build
make[2]: Entering directory '/root/sgx/samplecode/wasmi/app/target/release/build/wabt-sys-df2057af7e7ecab9/out/build/CMakeFiles/CMakeTmp'
Building C object CMakeFiles/cmTC_65478.dir/feature_tests.c.o
/usr/bin/cc    -ffunction-sections -fdata-sections -fPIC -m64    -std=c90 -o CMakeFiles/cmTC_65478.dir/feature_tests.c.o   -c /root/sgx/samplecode/wasmi/app/target/release/build/wabt-sys-df2057af7e7ecab9/out/build/CMakeFiles/feature_tests.c
Linking C executable cmTC_65478
/usr/bin/cmake -E cmake_link_script CMakeFiles/cmTC_65478.dir/link.txt --verbose=1
/usr/bin/cc   -ffunction-sections -fdata-sections -fPIC -m64     CMakeFiles/cmTC_65478.dir/feature_tests.c.o  -o cmTC_65478 -rdynamic 
make[2]: Leaving directory '/root/sgx/samplecode/wasmi/app/target/release/build/wabt-sys-df2057af7e7ecab9/out/build/CMakeFiles/CMakeTmp'
make[1]: Leaving directory '/root/sgx/samplecode/wasmi/app/target/release/build/wabt-sys-df2057af7e7ecab9/out/build/CMakeFiles/CMakeTmp'


    Feature record: C_FEATURE:1c_function_prototypes
    Feature record: C_FEATURE:0c_restrict
    Feature record: C_FEATURE:0c_static_assert
    Feature record: C_FEATURE:0c_variadic_macros
Determining if the CXX compiler works passed with the following output:
Change Dir: /root/sgx/samplecode/wasmi/app/target/release/build/wabt-sys-df2057af7e7ecab9/out/build/CMakeFiles/CMakeTmp

Run Build Command:"/usr/bin/make" "cmTC_1718d/fast"
make[1]: Entering directory '/root/sgx/samplecode/wasmi/app/target/release/build/wabt-sys-df2057af7e7ecab9/out/build/CMakeFiles/CMakeTmp'
/usr/bin/make -f CMakeFiles/cmTC_1718d.dir/build.make CMakeFiles/cmTC_1718d.dir/build
make[2]: Entering directory '/root/sgx/samplecode/wasmi/app/target/release/build/wabt-sys-df2057af7e7ecab9/out/build/CMakeFiles/CMakeTmp'
Building CXX object CMakeFiles/cmTC_1718d.dir/testCXXCompiler.cxx.o
/usr/bin/c++     -ffunction-sections -fdata-sections -fPIC -m64    -o CMakeFiles/cmTC_1718d.dir/testCXXCompiler.cxx.o -c /root/sgx/samplecode/wasmi/app/target/release/build/wabt-sys-df2057af7e7ecab9/out/build/CMakeFiles/CMakeTmp/testCXXCompiler.cxx
Linking CXX executable cmTC_1718d
/usr/bin/cmake -E cmake_link_script CMakeFiles/cmTC_1718d.dir/link.txt --verbose=1
/usr/bin/c++    -ffunction-sections -fdata-sections -fPIC -m64     CMakeFiles/cmTC_1718d.dir/testCXXCompiler.cxx.o  -o cmTC_1718d -rdynamic 
make[2]: Leaving directory '/root/sgx/samplecode/wasmi/app/target/release/build/wabt-sys-df2057af7e7ecab9/out/build/CMakeFiles/CMakeTmp'
make[1]: Leaving directory '/root/sgx/samplecode/wasmi/app/target/release/build/wabt-sys-df2057af7e7ecab9/out/build/CMakeFiles/CMakeTmp'


Detecting CXX compiler ABI info compiled with the following output:
Change Dir: /root/sgx/samplecode/wasmi/app/target/release/build/wabt-sys-df2057af7e7ecab9/out/build/CMakeFiles/CMakeTmp

Run Build Command:"/usr/bin/make" "cmTC_e7611/fast"
make[1]: Entering directory '/root/sgx/samplecode/wasmi/app/target/release/build/wabt-sys-df2057af7e7ecab9/out/build/CMakeFiles/CMakeTmp'
/usr/bin/make -f CMakeFiles/cmTC_e7611.dir/build.make CMakeFiles/cmTC_e7611.dir/build
make[2]: Entering directory '/root/sgx/samplecode/wasmi/app/target/release/build/wabt-sys-df2057af7e7ecab9/out/build/CMakeFiles/CMakeTmp'
Building CXX object CMakeFiles/cmTC_e7611.dir/CMakeCXXCompilerABI.cpp.o
/usr/bin/c++     -ffunction-sections -fdata-sections -fPIC -m64    -o CMakeFiles/cmTC_e7611.dir/CMakeCXXCompilerABI.cpp.o -c /usr/share/cmake-3.5/Modules/CMakeCXXCompilerABI.cpp
Linking CXX executable cmTC_e7611
/usr/bin/cmake -E cmake_link_script CMakeFiles/cmTC_e7611.dir/link.txt --verbose=1
/usr/bin/c++    -ffunction-sections -fdata-sections -fPIC -m64    -v CMakeFiles/cmTC_e7611.dir/CMakeCXXCompilerABI.cpp.o  -o cmTC_e7611 -rdynamic  
Using built-in specs.
COLLECT_GCC=/usr/bin/c++
COLLECT_LTO_WRAPPER=/usr/lib/gcc/x86_64-linux-gnu/5/lto-wrapper
Target: x86_64-linux-gnu
Configured with: ../src/configure -v --with-pkgversion='Ubuntu 5.4.0-6ubuntu1~16.04.10' --with-bugurl=file:///usr/share/doc/gcc-5/README.Bugs --enable-languages=c,ada,c++,java,go,d,fortran,objc,obj-c++ --prefix=/usr --program-suffix=-5 --enable-shared --enable-linker-build-id --libexecdir=/usr/lib --without-included-gettext --enable-threads=posix --libdir=/usr/lib --enable-nls --with-sysroot=/ --enable-clocale=gnu --enable-libstdcxx-debug --enable-libstdcxx-time=yes --with-default-libstdcxx-abi=new --enable-gnu-unique-object --disable-vtable-verify --enable-libmpx --enable-plugin --with-system-zlib --disable-browser-plugin --enable-java-awt=gtk --enable-gtk-cairo --with-java-home=/usr/lib/jvm/java-1.5.0-gcj-5-amd64/jre --enable-java-home --with-jvm-root-dir=/usr/lib/jvm/java-1.5.0-gcj-5-amd64 --with-jvm-jar-dir=/usr/lib/jvm-exports/java-1.5.0-gcj-5-amd64 --with-arch-directory=amd64 --with-ecj-jar=/usr/share/java/eclipse-ecj.jar --enable-objc-gc --enable-multiarch --disable-werror --with-arch-32=i686 --with-abi=m64 --with-multilib-list=m32,m64,mx32 --enable-multilib --with-tune=generic --enable-checking=release --build=x86_64-linux-gnu --host=x86_64-linux-gnu --target=x86_64-linux-gnu
Thread model: posix
gcc version 5.4.0 20160609 (Ubuntu 5.4.0-6ubuntu1~16.04.10) 
COMPILER_PATH=/usr/lib/gcc/x86_64-linux-gnu/5/:/usr/lib/gcc/x86_64-linux-gnu/5/:/usr/lib/gcc/x86_64-linux-gnu/:/usr/lib/gcc/x86_64-linux-gnu/5/:/usr/lib/gcc/x86_64-linux-gnu/
LIBRARY_PATH=/usr/lib/gcc/x86_64-linux-gnu/5/:/usr/lib/gcc/x86_64-linux-gnu/5/../../../x86_64-linux-gnu/:/usr/lib/gcc/x86_64-linux-gnu/5/../../../../lib/:/lib/x86_64-linux-gnu/:/lib/../lib/:/usr/lib/x86_64-linux-gnu/:/usr/lib/../lib/:/usr/lib/gcc/x86_64-linux-gnu/5/../../../:/lib/:/usr/lib/
COLLECT_GCC_OPTIONS='-ffunction-sections' '-fdata-sections' '-fPIC' '-m64' '-v' '-o' 'cmTC_e7611' '-rdynamic' '-shared-libgcc' '-mtune=generic' '-march=x86-64'
 /usr/lib/gcc/x86_64-linux-gnu/5/collect2 -plugin /usr/lib/gcc/x86_64-linux-gnu/5/liblto_plugin.so -plugin-opt=/usr/lib/gcc/x86_64-linux-gnu/5/lto-wrapper -plugin-opt=-fresolution=/tmp/cc5tYogl.res -plugin-opt=-pass-through=-lgcc_s -plugin-opt=-pass-through=-lgcc -plugin-opt=-pass-through=-lc -plugin-opt=-pass-through=-lgcc_s -plugin-opt=-pass-through=-lgcc --sysroot=/ --build-id --eh-frame-hdr -m elf_x86_64 --hash-style=gnu --as-needed -export-dynamic -dynamic-linker /lib64/ld-linux-x86-64.so.2 -z relro -o cmTC_e7611 /usr/lib/gcc/x86_64-linux-gnu/5/../../../x86_64-linux-gnu/crt1.o /usr/lib/gcc/x86_64-linux-gnu/5/../../../x86_64-linux-gnu/crti.o /usr/lib/gcc/x86_64-linux-gnu/5/crtbegin.o -L/usr/lib/gcc/x86_64-linux-gnu/5 -L/usr/lib/gcc/x86_64-linux-gnu/5/../../../x86_64-linux-gnu -L/usr/lib/gcc/x86_64-linux-gnu/5/../../../../lib -L/lib/x86_64-linux-gnu -L/lib/../lib -L/usr/lib/x86_64-linux-gnu -L/usr/lib/../lib -L/usr/lib/gcc/x86_64-linux-gnu/5/../../.. CMakeFiles/cmTC_e7611.dir/CMakeCXXCompilerABI.cpp.o -lstdc++ -lm -lgcc_s -lgcc -lc -lgcc_s -lgcc /usr/lib/gcc/x86_64-linux-gnu/5/crtend.o /usr/lib/gcc/x86_64-linux-gnu/5/../../../x86_64-linux-gnu/crtn.o
make[2]: Leaving directory '/root/sgx/samplecode/wasmi/app/target/release/build/wabt-sys-df2057af7e7ecab9/out/build/CMakeFiles/CMakeTmp'
make[1]: Leaving directory '/root/sgx/samplecode/wasmi/app/target/release/build/wabt-sys-df2057af7e7ecab9/out/build/CMakeFiles/CMakeTmp'


Parsed CXX implicit link information from above output:
  link line regex: [^( *|.*[/\])(ld|([^/\]+-)?ld|collect2)[^/\]*( |$)]
  ignore line: [Change Dir: /root/sgx/samplecode/wasmi/app/target/release/build/wabt-sys-df2057af7e7ecab9/out/build/CMakeFiles/CMakeTmp]
  ignore line: []
  ignore line: [Run Build Command:"/usr/bin/make" "cmTC_e7611/fast"]
  ignore line: [make[1]: Entering directory '/root/sgx/samplecode/wasmi/app/target/release/build/wabt-sys-df2057af7e7ecab9/out/build/CMakeFiles/CMakeTmp']
  ignore line: [/usr/bin/make -f CMakeFiles/cmTC_e7611.dir/build.make CMakeFiles/cmTC_e7611.dir/build]
  ignore line: [make[2]: Entering directory '/root/sgx/samplecode/wasmi/app/target/release/build/wabt-sys-df2057af7e7ecab9/out/build/CMakeFiles/CMakeTmp']
  ignore line: [Building CXX object CMakeFiles/cmTC_e7611.dir/CMakeCXXCompilerABI.cpp.o]
  ignore line: [/usr/bin/c++     -ffunction-sections -fdata-sections -fPIC -m64    -o CMakeFiles/cmTC_e7611.dir/CMakeCXXCompilerABI.cpp.o -c /usr/share/cmake-3.5/Modules/CMakeCXXCompilerABI.cpp]
  ignore line: [Linking CXX executable cmTC_e7611]
  ignore line: [/usr/bin/cmake -E cmake_link_script CMakeFiles/cmTC_e7611.dir/link.txt --verbose=1]
  ignore line: [/usr/bin/c++    -ffunction-sections -fdata-sections -fPIC -m64    -v CMakeFiles/cmTC_e7611.dir/CMakeCXXCompilerABI.cpp.o  -o cmTC_e7611 -rdynamic  ]
  ignore line: [Using built-in specs.]
  ignore line: [COLLECT_GCC=/usr/bin/c++]
  ignore line: [COLLECT_LTO_WRAPPER=/usr/lib/gcc/x86_64-linux-gnu/5/lto-wrapper]
  ignore line: [Target: x86_64-linux-gnu]
  ignore line: [Configured with: ../src/configure -v --with-pkgversion='Ubuntu 5.4.0-6ubuntu1~16.04.10' --with-bugurl=file:///usr/share/doc/gcc-5/README.Bugs --enable-languages=c,ada,c++,java,go,d,fortran,objc,obj-c++ --prefix=/usr --program-suffix=-5 --enable-shared --enable-linker-build-id --libexecdir=/usr/lib --without-included-gettext --enable-threads=posix --libdir=/usr/lib --enable-nls --with-sysroot=/ --enable-clocale=gnu --enable-libstdcxx-debug --enable-libstdcxx-time=yes --with-default-libstdcxx-abi=new --enable-gnu-unique-object --disable-vtable-verify --enable-libmpx --enable-plugin --with-system-zlib --disable-browser-plugin --enable-java-awt=gtk --enable-gtk-cairo --with-java-home=/usr/lib/jvm/java-1.5.0-gcj-5-amd64/jre --enable-java-home --with-jvm-root-dir=/usr/lib/jvm/java-1.5.0-gcj-5-amd64 --with-jvm-jar-dir=/usr/lib/jvm-exports/java-1.5.0-gcj-5-amd64 --with-arch-directory=amd64 --with-ecj-jar=/usr/share/java/eclipse-ecj.jar --enable-objc-gc --enable-multiarch --disable-werror --with-arch-32=i686 --with-abi=m64 --with-multilib-list=m32,m64,mx32 --enable-multilib --with-tune=generic --enable-checking=release --build=x86_64-linux-gnu --host=x86_64-linux-gnu --target=x86_64-linux-gnu]
  ignore line: [Thread model: posix]
  ignore line: [gcc version 5.4.0 20160609 (Ubuntu 5.4.0-6ubuntu1~16.04.10) ]
  ignore line: [COMPILER_PATH=/usr/lib/gcc/x86_64-linux-gnu/5/:/usr/lib/gcc/x86_64-linux-gnu/5/:/usr/lib/gcc/x86_64-linux-gnu/:/usr/lib/gcc/x86_64-linux-gnu/5/:/usr/lib/gcc/x86_64-linux-gnu/]
  ignore line: [LIBRARY_PATH=/usr/lib/gcc/x86_64-linux-gnu/5/:/usr/lib/gcc/x86_64-linux-gnu/5/../../../x86_64-linux-gnu/:/usr/lib/gcc/x86_64-linux-gnu/5/../../../../lib/:/lib/x86_64-linux-gnu/:/lib/../lib/:/usr/lib/x86_64-linux-gnu/:/usr/lib/../lib/:/usr/lib/gcc/x86_64-linux-gnu/5/../../../:/lib/:/usr/lib/]
  ignore line: [COLLECT_GCC_OPTIONS='-ffunction-sections' '-fdata-sections' '-fPIC' '-m64' '-v' '-o' 'cmTC_e7611' '-rdynamic' '-shared-libgcc' '-mtune=generic' '-march=x86-64']
  link line: [ /usr/lib/gcc/x86_64-linux-gnu/5/collect2 -plugin /usr/lib/gcc/x86_64-linux-gnu/5/liblto_plugin.so -plugin-opt=/usr/lib/gcc/x86_64-linux-gnu/5/lto-wrapper -plugin-opt=-fresolution=/tmp/cc5tYogl.res -plugin-opt=-pass-through=-lgcc_s -plugin-opt=-pass-through=-lgcc -plugin-opt=-pass-through=-lc -plugin-opt=-pass-through=-lgcc_s -plugin-opt=-pass-through=-lgcc --sysroot=/ --build-id --eh-frame-hdr -m elf_x86_64 --hash-style=gnu --as-needed -export-dynamic -dynamic-linker /lib64/ld-linux-x86-64.so.2 -z relro -o cmTC_e7611 /usr/lib/gcc/x86_64-linux-gnu/5/../../../x86_64-linux-gnu/crt1.o /usr/lib/gcc/x86_64-linux-gnu/5/../../../x86_64-linux-gnu/crti.o /usr/lib/gcc/x86_64-linux-gnu/5/crtbegin.o -L/usr/lib/gcc/x86_64-linux-gnu/5 -L/usr/lib/gcc/x86_64-linux-gnu/5/../../../x86_64-linux-gnu -L/usr/lib/gcc/x86_64-linux-gnu/5/../../../../lib -L/lib/x86_64-linux-gnu -L/lib/../lib -L/usr/lib/x86_64-linux-gnu -L/usr/lib/../lib -L/usr/lib/gcc/x86_64-linux-gnu/5/../../.. CMakeFiles/cmTC_e7611.dir/CMakeCXXCompilerABI.cpp.o -lstdc++ -lm -lgcc_s -lgcc -lc -lgcc_s -lgcc /usr/lib/gcc/x86_64-linux-gnu/5/crtend.o /usr/lib/gcc/x86_64-linux-gnu/5/../../../x86_64-linux-gnu/crtn.o]
    arg [/usr/lib/gcc/x86_64-linux-gnu/5/collect2] ==> ignore
    arg [-plugin] ==> ignore
    arg [/usr/lib/gcc/x86_64-linux-gnu/5/liblto_plugin.so] ==> ignore
    arg [-plugin-opt=/usr/lib/gcc/x86_64-linux-gnu/5/lto-wrapper] ==> ignore
    arg [-plugin-opt=-fresolution=/tmp/cc5tYogl.res] ==> ignore
    arg [-plugin-opt=-pass-through=-lgcc_s] ==> ignore
    arg [-plugin-opt=-pass-through=-lgcc] ==> ignore
    arg [-plugin-opt=-pass-through=-lc] ==> ignore
    arg [-plugin-opt=-pass-through=-lgcc_s] ==> ignore
    arg [-plugin-opt=-pass-through=-lgcc] ==> ignore
    arg [--sysroot=/] ==> ignore
    arg [--build-id] ==> ignore
    arg [--eh-frame-hdr] ==> ignore
    arg [-m] ==> ignore
    arg [elf_x86_64] ==> ignore
    arg [--hash-style=gnu] ==> ignore
    arg [--as-needed] ==> ignore
    arg [-export-dynamic] ==> ignore
    arg [-dynamic-linker] ==> ignore
    arg [/lib64/ld-linux-x86-64.so.2] ==> ignore
    arg [-zrelro] ==> ignore
    arg [-o] ==> ignore
    arg [cmTC_e7611] ==> ignore
    arg [/usr/lib/gcc/x86_64-linux-gnu/5/../../../x86_64-linux-gnu/crt1.o] ==> ignore
    arg [/usr/lib/gcc/x86_64-linux-gnu/5/../../../x86_64-linux-gnu/crti.o] ==> ignore
    arg [/usr/lib/gcc/x86_64-linux-gnu/5/crtbegin.o] ==> ignore
    arg [-L/usr/lib/gcc/x86_64-linux-gnu/5] ==> dir [/usr/lib/gcc/x86_64-linux-gnu/5]
    arg [-L/usr/lib/gcc/x86_64-linux-gnu/5/../../../x86_64-linux-gnu] ==> dir [/usr/lib/gcc/x86_64-linux-gnu/5/../../../x86_64-linux-gnu]
    arg [-L/usr/lib/gcc/x86_64-linux-gnu/5/../../../../lib] ==> dir [/usr/lib/gcc/x86_64-linux-gnu/5/../../../../lib]
    arg [-L/lib/x86_64-linux-gnu] ==> dir [/lib/x86_64-linux-gnu]
    arg [-L/lib/../lib] ==> dir [/lib/../lib]
    arg [-L/usr/lib/x86_64-linux-gnu] ==> dir [/usr/lib/x86_64-linux-gnu]
    arg [-L/usr/lib/../lib] ==> dir [/usr/lib/../lib]
    arg [-L/usr/lib/gcc/x86_64-linux-gnu/5/../../..] ==> dir [/usr/lib/gcc/x86_64-linux-gnu/5/../../..]
    arg [CMakeFiles/cmTC_e7611.dir/CMakeCXXCompilerABI.cpp.o] ==> ignore
    arg [-lstdc++] ==> lib [stdc++]
    arg [-lm] ==> lib [m]
    arg [-lgcc_s] ==> lib [gcc_s]
    arg [-lgcc] ==> lib [gcc]
    arg [-lc] ==> lib [c]
    arg [-lgcc_s] ==> lib [gcc_s]
    arg [-lgcc] ==> lib [gcc]
    arg [/usr/lib/gcc/x86_64-linux-gnu/5/crtend.o] ==> ignore
    arg [/usr/lib/gcc/x86_64-linux-gnu/5/../../../x86_64-linux-gnu/crtn.o] ==> ignore
  remove lib [gcc_s]
  remove lib [gcc]
  remove lib [gcc_s]
  remove lib [gcc]
  collapse library dir [/usr/lib/gcc/x86_64-linux-gnu/5] ==> [/usr/lib/gcc/x86_64-linux-gnu/5]
  collapse library dir [/usr/lib/gcc/x86_64-linux-gnu/5/../../../x86_64-linux-gnu] ==> [/usr/lib/x86_64-linux-gnu]
  collapse library dir [/usr/lib/gcc/x86_64-linux-gnu/5/../../../../lib] ==> [/usr/lib]
  collapse library dir [/lib/x86_64-linux-gnu] ==> [/lib/x86_64-linux-gnu]
  collapse library dir [/lib/../lib] ==> [/lib]
  collapse library dir [/usr/lib/x86_64-linux-gnu] ==> [/usr/lib/x86_64-linux-gnu]
  collapse library dir [/usr/lib/../lib] ==> [/usr/lib]
  collapse library dir [/usr/lib/gcc/x86_64-linux-gnu/5/../../..] ==> [/usr/lib]
  implicit libs: [stdc++;m;c]
  implicit dirs: [/usr/lib/gcc/x86_64-linux-gnu/5;/usr/lib/x86_64-linux-gnu;/usr/lib;/lib/x86_64-linux-gnu;/lib]
  implicit fwks: []




Detecting CXX [-std=c++14] compiler features compiled with the following output:
Change Dir: /root/sgx/samplecode/wasmi/app/target/release/build/wabt-sys-df2057af7e7ecab9/out/build/CMakeFiles/CMakeTmp

Run Build Command:"/usr/bin/make" "cmTC_a92d1/fast"
make[1]: Entering directory '/root/sgx/samplecode/wasmi/app/target/release/build/wabt-sys-df2057af7e7ecab9/out/build/CMakeFiles/CMakeTmp'
/usr/bin/make -f CMakeFiles/cmTC_a92d1.dir/build.make CMakeFiles/cmTC_a92d1.dir/build
make[2]: Entering directory '/root/sgx/samplecode/wasmi/app/target/release/build/wabt-sys-df2057af7e7ecab9/out/build/CMakeFiles/CMakeTmp'
Building CXX object CMakeFiles/cmTC_a92d1.dir/feature_tests.cxx.o
/usr/bin/c++     -ffunction-sections -fdata-sections -fPIC -m64    -std=c++14 -o CMakeFiles/cmTC_a92d1.dir/feature_tests.cxx.o -c /root/sgx/samplecode/wasmi/app/target/release/build/wabt-sys-df2057af7e7ecab9/out/build/CMakeFiles/feature_tests.cxx
Linking CXX executable cmTC_a92d1
/usr/bin/cmake -E cmake_link_script CMakeFiles/cmTC_a92d1.dir/link.txt --verbose=1
/usr/bin/c++    -ffunction-sections -fdata-sections -fPIC -m64     CMakeFiles/cmTC_a92d1.dir/feature_tests.cxx.o  -o cmTC_a92d1 -rdynamic 
make[2]: Leaving directory '/root/sgx/samplecode/wasmi/app/target/release/build/wabt-sys-df2057af7e7ecab9/out/build/CMakeFiles/CMakeTmp'
make[1]: Leaving directory '/root/sgx/samplecode/wasmi/app/target/release/build/wabt-sys-df2057af7e7ecab9/out/build/CMakeFiles/CMakeTmp'


    Feature record: CXX_FEATURE:1cxx_aggregate_default_initializers
    Feature record: CXX_FEATURE:1cxx_alias_templates
    Feature record: CXX_FEATURE:1cxx_alignas
    Feature record: CXX_FEATURE:1cxx_alignof
    Feature record: CXX_FEATURE:1cxx_attributes
    Feature record: CXX_FEATURE:1cxx_attribute_deprecated
    Feature record: CXX_FEATURE:1cxx_auto_type
    Feature record: CXX_FEATURE:1cxx_binary_literals
    Feature record: CXX_FEATURE:1cxx_constexpr
    Feature record: CXX_FEATURE:1cxx_contextual_conversions
    Feature record: CXX_FEATURE:1cxx_decltype
    Feature record: CXX_FEATURE:1cxx_decltype_auto
    Feature record: CXX_FEATURE:1cxx_decltype_incomplete_return_types
    Feature record: CXX_FEATURE:1cxx_default_function_template_args
    Feature record: CXX_FEATURE:1cxx_defaulted_functions
    Feature record: CXX_FEATURE:1cxx_defaulted_move_initializers
    Feature record: CXX_FEATURE:1cxx_delegating_constructors
    Feature record: CXX_FEATURE:1cxx_deleted_functions
    Feature record: CXX_FEATURE:1cxx_digit_separators
    Feature record: CXX_FEATURE:1cxx_enum_forward_declarations
    Feature record: CXX_FEATURE:1cxx_explicit_conversions
    Feature record: CXX_FEATURE:1cxx_extended_friend_declarations
    Feature record: CXX_FEATURE:1cxx_extern_templates
    Feature record: CXX_FEATURE:1cxx_final
    Feature record: CXX_FEATURE:1cxx_func_identifier
    Feature record: CXX_FEATURE:1cxx_generalized_initializers
    Feature record: CXX_FEATURE:1cxx_generic_lambdas
    Feature record: CXX_FEATURE:1cxx_inheriting_constructors
    Feature record: CXX_FEATURE:1cxx_inline_namespaces
    Feature record: CXX_FEATURE:1cxx_lambdas
    Feature record: CXX_FEATURE:1cxx_lambda_init_captures
    Feature record: CXX_FEATURE:1cxx_local_type_template_args
    Feature record: CXX_FEATURE:1cxx_long_long_type
    Feature record: CXX_FEATURE:1cxx_noexcept
    Feature record: CXX_FEATURE:1cxx_nonstatic_member_init
    Feature record: CXX_FEATURE:1cxx_nullptr
    Feature record: CXX_FEATURE:1cxx_override
    Feature record: CXX_FEATURE:1cxx_range_for
    Feature record: CXX_FEATURE:1cxx_raw_string_literals
    Feature record: CXX_FEATURE:1cxx_reference_qualified_functions
    Feature record: CXX_FEATURE:1cxx_relaxed_constexpr
    Feature record: CXX_FEATURE:1cxx_return_type_deduction
    Feature record: CXX_FEATURE:1cxx_right_angle_brackets
    Feature record: CXX_FEATURE:1cxx_rvalue_references
    Feature record: CXX_FEATURE:1cxx_sizeof_member
    Feature record: CXX_FEATURE:1cxx_static_assert
    Feature record: CXX_FEATURE:1cxx_strong_enums
    Feature record: CXX_FEATURE:1cxx_template_template_parameters
    Feature record: CXX_FEATURE:1cxx_thread_local
    Feature record: CXX_FEATURE:1cxx_trailing_return_types
    Feature record: CXX_FEATURE:1cxx_unicode_literals
    Feature record: CXX_FEATURE:1cxx_uniform_initialization
    Feature record: CXX_FEATURE:1cxx_unrestricted_unions
    Feature record: CXX_FEATURE:1cxx_user_literals
    Feature record: CXX_FEATURE:1cxx_variable_templates
    Feature record: CXX_FEATURE:1cxx_variadic_macros
    Feature record: CXX_FEATURE:1cxx_variadic_templates


Detecting CXX [-std=c++11] compiler features compiled with the following output:
Change Dir: /root/sgx/samplecode/wasmi/app/target/release/build/wabt-sys-df2057af7e7ecab9/out/build/CMakeFiles/CMakeTmp

Run Build Command:"/usr/bin/make" "cmTC_d466e/fast"
make[1]: Entering directory '/root/sgx/samplecode/wasmi/app/target/release/build/wabt-sys-df2057af7e7ecab9/out/build/CMakeFiles/CMakeTmp'
/usr/bin/make -f CMakeFiles/cmTC_d466e.dir/build.make CMakeFiles/cmTC_d466e.dir/build
make[2]: Entering directory '/root/sgx/samplecode/wasmi/app/target/release/build/wabt-sys-df2057af7e7ecab9/out/build/CMakeFiles/CMakeTmp'
Building CXX object CMakeFiles/cmTC_d466e.dir/feature_tests.cxx.o
/usr/bin/c++     -ffunction-sections -fdata-sections -fPIC -m64    -std=c++11 -o CMakeFiles/cmTC_d466e.dir/feature_tests.cxx.o -c /root/sgx/samplecode/wasmi/app/target/release/build/wabt-sys-df2057af7e7ecab9/out/build/CMakeFiles/feature_tests.cxx
Linking CXX executable cmTC_d466e
/usr/bin/cmake -E cmake_link_script CMakeFiles/cmTC_d466e.dir/link.txt --verbose=1
/usr/bin/c++    -ffunction-sections -fdata-sections -fPIC -m64     CMakeFiles/cmTC_d466e.dir/feature_tests.cxx.o  -o cmTC_d466e -rdynamic 
make[2]: Leaving directory '/root/sgx/samplecode/wasmi/app/target/release/build/wabt-sys-df2057af7e7ecab9/out/build/CMakeFiles/CMakeTmp'
make[1]: Leaving directory '/root/sgx/samplecode/wasmi/app/target/release/build/wabt-sys-df2057af7e7ecab9/out/build/CMakeFiles/CMakeTmp'


    Feature record: CXX_FEATURE:0cxx_aggregate_default_initializers
    Feature record: CXX_FEATURE:1cxx_alias_templates
    Feature record: CXX_FEATURE:1cxx_alignas
    Feature record: CXX_FEATURE:1cxx_alignof
    Feature record: CXX_FEATURE:1cxx_attributes
    Feature record: CXX_FEATURE:0cxx_attribute_deprecated
    Feature record: CXX_FEATURE:1cxx_auto_type
    Feature record: CXX_FEATURE:0cxx_binary_literals
    Feature record: CXX_FEATURE:1cxx_constexpr
    Feature record: CXX_FEATURE:0cxx_contextual_conversions
    Feature record: CXX_FEATURE:1cxx_decltype
    Feature record: CXX_FEATURE:0cxx_decltype_auto
    Feature record: CXX_FEATURE:1cxx_decltype_incomplete_return_types
    Feature record: CXX_FEATURE:1cxx_default_function_template_args
    Feature record: CXX_FEATURE:1cxx_defaulted_functions
    Feature record: CXX_FEATURE:1cxx_defaulted_move_initializers
    Feature record: CXX_FEATURE:1cxx_delegating_constructors
    Feature record: CXX_FEATURE:1cxx_deleted_functions
    Feature record: CXX_FEATURE:0cxx_digit_separators
    Feature record: CXX_FEATURE:1cxx_enum_forward_declarations
    Feature record: CXX_FEATURE:1cxx_explicit_conversions
    Feature record: CXX_FEATURE:1cxx_extended_friend_declarations
    Feature record: CXX_FEATURE:1cxx_extern_templates
    Feature record: CXX_FEATURE:1cxx_final
    Feature record: CXX_FEATURE:1cxx_func_identifier
    Feature record: CXX_FEATURE:1cxx_generalized_initializers
    Feature record: CXX_FEATURE:0cxx_generic_lambdas
    Feature record: CXX_FEATURE:1cxx_inheriting_constructors
    Feature record: CXX_FEATURE:1cxx_inline_namespaces
    Feature record: CXX_FEATURE:1cxx_lambdas
    Feature record: CXX_FEATURE:0cxx_lambda_init_captures
    Feature record: CXX_FEATURE:1cxx_local_type_template_args
    Feature record: CXX_FEATURE:1cxx_long_long_type
    Feature record: CXX_FEATURE:1cxx_noexcept
    Feature record: CXX_FEATURE:1cxx_nonstatic_member_init
    Feature record: CXX_FEATURE:1cxx_nullptr
    Feature record: CXX_FEATURE:1cxx_override
    Feature record: CXX_FEATURE:1cxx_range_for
    Feature record: CXX_FEATURE:1cxx_raw_string_literals
    Feature record: CXX_FEATURE:1cxx_reference_qualified_functions
    Feature record: CXX_FEATURE:0cxx_relaxed_constexpr
    Feature record: CXX_FEATURE:0cxx_return_type_deduction
    Feature record: CXX_FEATURE:1cxx_right_angle_brackets
    Feature record: CXX_FEATURE:1cxx_rvalue_references
    Feature record: CXX_FEATURE:1cxx_sizeof_member
    Feature record: CXX_FEATURE:1cxx_static_assert
    Feature record: CXX_FEATURE:1cxx_strong_enums
    Feature record: CXX_FEATURE:1cxx_template_template_parameters
    Feature record: CXX_FEATURE:1cxx_thread_local
    Feature record: CXX_FEATURE:1cxx_trailing_return_types
    Feature record: CXX_FEATURE:1cxx_unicode_literals
    Feature record: CXX_FEATURE:1cxx_uniform_initialization
    Feature record: CXX_FEATURE:1cxx_unrestricted_unions
    Feature record: CXX_FEATURE:1cxx_user_literals
    Feature record: CXX_FEATURE:0cxx_variable_templates
    Feature record: CXX_FEATURE:1cxx_variadic_macros
    Feature record: CXX_FEATURE:1cxx_variadic_templates


Detecting CXX [-std=c++98] compiler features compiled with the following output:
Change Dir: /root/sgx/samplecode/wasmi/app/target/release/build/wabt-sys-df2057af7e7ecab9/out/build/CMakeFiles/CMakeTmp

Run Build Command:"/usr/bin/make" "cmTC_914ba/fast"
make[1]: Entering directory '/root/sgx/samplecode/wasmi/app/target/release/build/wabt-sys-df2057af7e7ecab9/out/build/CMakeFiles/CMakeTmp'
/usr/bin/make -f CMakeFiles/cmTC_914ba.dir/build.make CMakeFiles/cmTC_914ba.dir/build
make[2]: Entering directory '/root/sgx/samplecode/wasmi/app/target/release/build/wabt-sys-df2057af7e7ecab9/out/build/CMakeFiles/CMakeTmp'
Building CXX object CMakeFiles/cmTC_914ba.dir/feature_tests.cxx.o
/usr/bin/c++     -ffunction-sections -fdata-sections -fPIC -m64    -std=c++98 -o CMakeFiles/cmTC_914ba.dir/feature_tests.cxx.o -c /root/sgx/samplecode/wasmi/app/target/release/build/wabt-sys-df2057af7e7ecab9/out/build/CMakeFiles/feature_tests.cxx
Linking CXX executable cmTC_914ba
/usr/bin/cmake -E cmake_link_script CMakeFiles/cmTC_914ba.dir/link.txt --verbose=1
/usr/bin/c++    -ffunction-sections -fdata-sections -fPIC -m64     CMakeFiles/cmTC_914ba.dir/feature_tests.cxx.o  -o cmTC_914ba -rdynamic 
make[2]: Leaving directory '/root/sgx/samplecode/wasmi/app/target/release/build/wabt-sys-df2057af7e7ecab9/out/build/CMakeFiles/CMakeTmp'
make[1]: Leaving directory '/root/sgx/samplecode/wasmi/app/target/release/build/wabt-sys-df2057af7e7ecab9/out/build/CMakeFiles/CMakeTmp'


    Feature record: CXX_FEATURE:0cxx_aggregate_default_initializers
    Feature record: CXX_FEATURE:0cxx_alias_templates
    Feature record: CXX_FEATURE:0cxx_alignas
    Feature record: CXX_FEATURE:0cxx_alignof
    Feature record: CXX_FEATURE:0cxx_attributes
    Feature record: CXX_FEATURE:0cxx_attribute_deprecated
    Feature record: CXX_FEATURE:0cxx_auto_type
    Feature record: CXX_FEATURE:0cxx_binary_literals
    Feature record: CXX_FEATURE:0cxx_constexpr
    Feature record: CXX_FEATURE:0cxx_contextual_conversions
    Feature record: CXX_FEATURE:0cxx_decltype
    Feature record: CXX_FEATURE:0cxx_decltype_auto
    Feature record: CXX_FEATURE:0cxx_decltype_incomplete_return_types
    Feature record: CXX_FEATURE:0cxx_default_function_template_args
    Feature record: CXX_FEATURE:0cxx_defaulted_functions
    Feature record: CXX_FEATURE:0cxx_defaulted_move_initializers
    Feature record: CXX_FEATURE:0cxx_delegating_constructors
    Feature record: CXX_FEATURE:0cxx_deleted_functions
    Feature record: CXX_FEATURE:0cxx_digit_separators
    Feature record: CXX_FEATURE:0cxx_enum_forward_declarations
    Feature record: CXX_FEATURE:0cxx_explicit_conversions
    Feature record: CXX_FEATURE:0cxx_extended_friend_declarations
    Feature record: CXX_FEATURE:0cxx_extern_templates
    Feature record: CXX_FEATURE:0cxx_final
    Feature record: CXX_FEATURE:0cxx_func_identifier
    Feature record: CXX_FEATURE:0cxx_generalized_initializers
    Feature record: CXX_FEATURE:0cxx_generic_lambdas
    Feature record: CXX_FEATURE:0cxx_inheriting_constructors
    Feature record: CXX_FEATURE:0cxx_inline_namespaces
    Feature record: CXX_FEATURE:0cxx_lambdas
    Feature record: CXX_FEATURE:0cxx_lambda_init_captures
    Feature record: CXX_FEATURE:0cxx_local_type_template_args
    Feature record: CXX_FEATURE:0cxx_long_long_type
    Feature record: CXX_FEATURE:0cxx_noexcept
    Feature record: CXX_FEATURE:0cxx_nonstatic_member_init
    Feature record: CXX_FEATURE:0cxx_nullptr
    Feature record: CXX_FEATURE:0cxx_override
    Feature record: CXX_FEATURE:0cxx_range_for
    Feature record: CXX_FEATURE:0cxx_raw_string_literals
    Feature record: CXX_FEATURE:0cxx_reference_qualified_functions
    Feature record: CXX_FEATURE:0cxx_relaxed_constexpr
    Feature record: CXX_FEATURE:0cxx_return_type_deduction
    Feature record: CXX_FEATURE:0cxx_right_angle_brackets
    Feature record: CXX_FEATURE:0cxx_rvalue_references
    Feature record: CXX_FEATURE:0cxx_sizeof_member
    Feature record: CXX_FEATURE:0cxx_static_assert
    Feature record: CXX_FEATURE:0cxx_strong_enums
    Feature record: CXX_FEATURE:1cxx_template_template_parameters
    Feature record: CXX_FEATURE:0cxx_thread_local
    Feature record: CXX_FEATURE:0cxx_trailing_return_types
    Feature record: CXX_FEATURE:0cxx_unicode_literals
    Feature record: CXX_FEATURE:0cxx_uniform_initialization
    Feature record: CXX_FEATURE:0cxx_unrestricted_unions
    Feature record: CXX_FEATURE:0cxx_user_literals
    Feature record: CXX_FEATURE:0cxx_variable_templates
    Feature record: CXX_FEATURE:0cxx_variadic_macros
    Feature record: CXX_FEATURE:0cxx_variadic_templates
Determining if the include file alloca.h exists passed with the following output:
Change Dir: /root/sgx/samplecode/wasmi/app/target/release/build/wabt-sys-df2057af7e7ecab9/out/build/CMakeFiles/CMakeTmp

Run Build Command:"/usr/bin/make" "cmTC_467f8/fast"
make[1]: Entering directory '/root/sgx/samplecode/wasmi/app/target/release/build/wabt-sys-df2057af7e7ecab9/out/build/CMakeFiles/CMakeTmp'
/usr/bin/make -f CMakeFiles/cmTC_467f8.dir/build.make CMakeFiles/cmTC_467f8.dir/build
make[2]: Entering directory '/root/sgx/samplecode/wasmi/app/target/release/build/wabt-sys-df2057af7e7ecab9/out/build/CMakeFiles/CMakeTmp'
Building C object CMakeFiles/cmTC_467f8.dir/CheckIncludeFile.c.o
/usr/bin/cc    -ffunction-sections -fdata-sections -fPIC -m64    -o CMakeFiles/cmTC_467f8.dir/CheckIncludeFile.c.o   -c /root/sgx/samplecode/wasmi/app/target/release/build/wabt-sys-df2057af7e7ecab9/out/build/CMakeFiles/CMakeTmp/CheckIncludeFile.c
Linking C executable cmTC_467f8
/usr/bin/cmake -E cmake_link_script CMakeFiles/cmTC_467f8.dir/link.txt --verbose=1
/usr/bin/cc   -ffunction-sections -fdata-sections -fPIC -m64     CMakeFiles/cmTC_467f8.dir/CheckIncludeFile.c.o  -o cmTC_467f8 -rdynamic 
make[2]: Leaving directory '/root/sgx/samplecode/wasmi/app/target/release/build/wabt-sys-df2057af7e7ecab9/out/build/CMakeFiles/CMakeTmp'
make[1]: Leaving directory '/root/sgx/samplecode/wasmi/app/target/release/build/wabt-sys-df2057af7e7ecab9/out/build/CMakeFiles/CMakeTmp'


Determining if the include file unistd.h exists passed with the following output:
Change Dir: /root/sgx/samplecode/wasmi/app/target/release/build/wabt-sys-df2057af7e7ecab9/out/build/CMakeFiles/CMakeTmp

Run Build Command:"/usr/bin/make" "cmTC_99b37/fast"
make[1]: Entering directory '/root/sgx/samplecode/wasmi/app/target/release/build/wabt-sys-df2057af7e7ecab9/out/build/CMakeFiles/CMakeTmp'
/usr/bin/make -f CMakeFiles/cmTC_99b37.dir/build.make CMakeFiles/cmTC_99b37.dir/build
make[2]: Entering directory '/root/sgx/samplecode/wasmi/app/target/release/build/wabt-sys-df2057af7e7ecab9/out/build/CMakeFiles/CMakeTmp'
Building C object CMakeFiles/cmTC_99b37.dir/CheckIncludeFile.c.o
/usr/bin/cc    -ffunction-sections -fdata-sections -fPIC -m64    -o CMakeFiles/cmTC_99b37.dir/CheckIncludeFile.c.o   -c /root/sgx/samplecode/wasmi/app/target/release/build/wabt-sys-df2057af7e7ecab9/out/build/CMakeFiles/CMakeTmp/CheckIncludeFile.c
Linking C executable cmTC_99b37
/usr/bin/cmake -E cmake_link_script CMakeFiles/cmTC_99b37.dir/link.txt --verbose=1
/usr/bin/cc   -ffunction-sections -fdata-sections -fPIC -m64     CMakeFiles/cmTC_99b37.dir/CheckIncludeFile.c.o  -o cmTC_99b37 -rdynamic 
make[2]: Leaving directory '/root/sgx/samplecode/wasmi/app/target/release/build/wabt-sys-df2057af7e7ecab9/out/build/CMakeFiles/CMakeTmp'
make[1]: Leaving directory '/root/sgx/samplecode/wasmi/app/target/release/build/wabt-sys-df2057af7e7ecab9/out/build/CMakeFiles/CMakeTmp'


Determining if the snprintf exist passed with the following output:
Change Dir: /root/sgx/samplecode/wasmi/app/target/release/build/wabt-sys-df2057af7e7ecab9/out/build/CMakeFiles/CMakeTmp

Run Build Command:"/usr/bin/make" "cmTC_7bc1f/fast"
make[1]: Entering directory '/root/sgx/samplecode/wasmi/app/target/release/build/wabt-sys-df2057af7e7ecab9/out/build/CMakeFiles/CMakeTmp'
/usr/bin/make -f CMakeFiles/cmTC_7bc1f.dir/build.make CMakeFiles/cmTC_7bc1f.dir/build
make[2]: Entering directory '/root/sgx/samplecode/wasmi/app/target/release/build/wabt-sys-df2057af7e7ecab9/out/build/CMakeFiles/CMakeTmp'
Building C object CMakeFiles/cmTC_7bc1f.dir/CheckSymbolExists.c.o
/usr/bin/cc    -ffunction-sections -fdata-sections -fPIC -m64    -o CMakeFiles/cmTC_7bc1f.dir/CheckSymbolExists.c.o   -c /root/sgx/samplecode/wasmi/app/target/release/build/wabt-sys-df2057af7e7ecab9/out/build/CMakeFiles/CMakeTmp/CheckSymbolExists.c
Linking C executable cmTC_7bc1f
/usr/bin/cmake -E cmake_link_script CMakeFiles/cmTC_7bc1f.dir/link.txt --verbose=1
/usr/bin/cc   -ffunction-sections -fdata-sections -fPIC -m64     CMakeFiles/cmTC_7bc1f.dir/CheckSymbolExists.c.o  -o cmTC_7bc1f -rdynamic 
make[2]: Leaving directory '/root/sgx/samplecode/wasmi/app/target/release/build/wabt-sys-df2057af7e7ecab9/out/build/CMakeFiles/CMakeTmp'
make[1]: Leaving directory '/root/sgx/samplecode/wasmi/app/target/release/build/wabt-sys-df2057af7e7ecab9/out/build/CMakeFiles/CMakeTmp'

File /root/sgx/samplecode/wasmi/app/target/release/build/wabt-sys-df2057af7e7ecab9/out/build/CMakeFiles/CMakeTmp/CheckSymbolExists.c:
/* */
#include <stdio.h>

int main(int argc, char** argv)
{
  (void)argv;
#ifndef snprintf
  return ((int*)(&snprintf))[argc];
#else
  (void)argc;
  return 0;
#endif
}

Determining if the sysconf exist passed with the following output:
Change Dir: /root/sgx/samplecode/wasmi/app/target/release/build/wabt-sys-df2057af7e7ecab9/out/build/CMakeFiles/CMakeTmp

Run Build Command:"/usr/bin/make" "cmTC_94517/fast"
make[1]: Entering directory '/root/sgx/samplecode/wasmi/app/target/release/build/wabt-sys-df2057af7e7ecab9/out/build/CMakeFiles/CMakeTmp'
/usr/bin/make -f CMakeFiles/cmTC_94517.dir/build.make CMakeFiles/cmTC_94517.dir/build
make[2]: Entering directory '/root/sgx/samplecode/wasmi/app/target/release/build/wabt-sys-df2057af7e7ecab9/out/build/CMakeFiles/CMakeTmp'
Building C object CMakeFiles/cmTC_94517.dir/CheckSymbolExists.c.o
/usr/bin/cc    -ffunction-sections -fdata-sections -fPIC -m64    -o CMakeFiles/cmTC_94517.dir/CheckSymbolExists.c.o   -c /root/sgx/samplecode/wasmi/app/target/release/build/wabt-sys-df2057af7e7ecab9/out/build/CMakeFiles/CMakeTmp/CheckSymbolExists.c
Linking C executable cmTC_94517
/usr/bin/cmake -E cmake_link_script CMakeFiles/cmTC_94517.dir/link.txt --verbose=1
/usr/bin/cc   -ffunction-sections -fdata-sections -fPIC -m64     CMakeFiles/cmTC_94517.dir/CheckSymbolExists.c.o  -o cmTC_94517 -rdynamic 
make[2]: Leaving directory '/root/sgx/samplecode/wasmi/app/target/release/build/wabt-sys-df2057af7e7ecab9/out/build/CMakeFiles/CMakeTmp'
make[1]: Leaving directory '/root/sgx/samplecode/wasmi/app/target/release/build/wabt-sys-df2057af7e7ecab9/out/build/CMakeFiles/CMakeTmp'

File /root/sgx/samplecode/wasmi/app/target/release/build/wabt-sys-df2057af7e7ecab9/out/build/CMakeFiles/CMakeTmp/CheckSymbolExists.c:
/* */
#include <unistd.h>

int main(int argc, char** argv)
{
  (void)argv;
#ifndef sysconf
  return ((int*)(&sysconf))[argc];
#else
  (void)argc;
  return 0;
#endif
}

Determining if the strcasecmp exist passed with the following output:
Change Dir: /root/sgx/samplecode/wasmi/app/target/release/build/wabt-sys-df2057af7e7ecab9/out/build/CMakeFiles/CMakeTmp

Run Build Command:"/usr/bin/make" "cmTC_d653d/fast"
make[1]: Entering directory '/root/sgx/samplecode/wasmi/app/target/release/build/wabt-sys-df2057af7e7ecab9/out/build/CMakeFiles/CMakeTmp'
/usr/bin/make -f CMakeFiles/cmTC_d653d.dir/build.make CMakeFiles/cmTC_d653d.dir/build
make[2]: Entering directory '/root/sgx/samplecode/wasmi/app/target/release/build/wabt-sys-df2057af7e7ecab9/out/build/CMakeFiles/CMakeTmp'
Building C object CMakeFiles/cmTC_d653d.dir/CheckSymbolExists.c.o
/usr/bin/cc    -ffunction-sections -fdata-sections -fPIC -m64    -o CMakeFiles/cmTC_d653d.dir/CheckSymbolExists.c.o   -c /root/sgx/samplecode/wasmi/app/target/release/build/wabt-sys-df2057af7e7ecab9/out/build/CMakeFiles/CMakeTmp/CheckSymbolExists.c
Linking C executable cmTC_d653d
/usr/bin/cmake -E cmake_link_script CMakeFiles/cmTC_d653d.dir/link.txt --verbose=1
/usr/bin/cc   -ffunction-sections -fdata-sections -fPIC -m64     CMakeFiles/cmTC_d653d.dir/CheckSymbolExists.c.o  -o cmTC_d653d -rdynamic 
make[2]: Leaving directory '/root/sgx/samplecode/wasmi/app/target/release/build/wabt-sys-df2057af7e7ecab9/out/build/CMakeFiles/CMakeTmp'
make[1]: Leaving directory '/root/sgx/samplecode/wasmi/app/target/release/build/wabt-sys-df2057af7e7ecab9/out/build/CMakeFiles/CMakeTmp'

File /root/sgx/samplecode/wasmi/app/target/release/build/wabt-sys-df2057af7e7ecab9/out/build/CMakeFiles/CMakeTmp/CheckSymbolExists.c:
/* */
#include <strings.h>

int main(int argc, char** argv)
{
  (void)argv;
#ifndef strcasecmp
  return ((int*)(&strcasecmp))[argc];
#else
  (void)argc;
  return 0;
#endif
}

Determining if the include file sys/types.h exists passed with the following output:
Change Dir: /root/sgx/samplecode/wasmi/app/target/release/build/wabt-sys-df2057af7e7ecab9/out/build/CMakeFiles/CMakeTmp

Run Build Command:"/usr/bin/make" "cmTC_2e710/fast"
make[1]: Entering directory '/root/sgx/samplecode/wasmi/app/target/release/build/wabt-sys-df2057af7e7ecab9/out/build/CMakeFiles/CMakeTmp'
/usr/bin/make -f CMakeFiles/cmTC_2e710.dir/build.make CMakeFiles/cmTC_2e710.dir/build
make[2]: Entering directory '/root/sgx/samplecode/wasmi/app/target/release/build/wabt-sys-df2057af7e7ecab9/out/build/CMakeFiles/CMakeTmp'
Building C object CMakeFiles/cmTC_2e710.dir/CheckIncludeFile.c.o
/usr/bin/cc    -ffunction-sections -fdata-sections -fPIC -m64    -o CMakeFiles/cmTC_2e710.dir/CheckIncludeFile.c.o   -c /root/sgx/samplecode/wasmi/app/target/release/build/wabt-sys-df2057af7e7ecab9/out/build/CMakeFiles/CMakeTmp/CheckIncludeFile.c
Linking C executable cmTC_2e710
/usr/bin/cmake -E cmake_link_script CMakeFiles/cmTC_2e710.dir/link.txt --verbose=1
/usr/bin/cc   -ffunction-sections -fdata-sections -fPIC -m64     CMakeFiles/cmTC_2e710.dir/CheckIncludeFile.c.o  -o cmTC_2e710 -rdynamic 
make[2]: Leaving directory '/root/sgx/samplecode/wasmi/app/target/release/build/wabt-sys-df2057af7e7ecab9/out/build/CMakeFiles/CMakeTmp'
make[1]: Leaving directory '/root/sgx/samplecode/wasmi/app/target/release/build/wabt-sys-df2057af7e7ecab9/out/build/CMakeFiles/CMakeTmp'


Determining if the include file stdint.h exists passed with the following output:
Change Dir: /root/sgx/samplecode/wasmi/app/target/release/build/wabt-sys-df2057af7e7ecab9/out/build/CMakeFiles/CMakeTmp

Run Build Command:"/usr/bin/make" "cmTC_024c4/fast"
make[1]: Entering directory '/root/sgx/samplecode/wasmi/app/target/release/build/wabt-sys-df2057af7e7ecab9/out/build/CMakeFiles/CMakeTmp'
/usr/bin/make -f CMakeFiles/cmTC_024c4.dir/build.make CMakeFiles/cmTC_024c4.dir/build
make[2]: Entering directory '/root/sgx/samplecode/wasmi/app/target/release/build/wabt-sys-df2057af7e7ecab9/out/build/CMakeFiles/CMakeTmp'
Building C object CMakeFiles/cmTC_024c4.dir/CheckIncludeFile.c.o
/usr/bin/cc    -ffunction-sections -fdata-sections -fPIC -m64    -o CMakeFiles/cmTC_024c4.dir/CheckIncludeFile.c.o   -c /root/sgx/samplecode/wasmi/app/target/release/build/wabt-sys-df2057af7e7ecab9/out/build/CMakeFiles/CMakeTmp/CheckIncludeFile.c
Linking C executable cmTC_024c4
/usr/bin/cmake -E cmake_link_script CMakeFiles/cmTC_024c4.dir/link.txt --verbose=1
/usr/bin/cc   -ffunction-sections -fdata-sections -fPIC -m64     CMakeFiles/cmTC_024c4.dir/CheckIncludeFile.c.o  -o cmTC_024c4 -rdynamic 
make[2]: Leaving directory '/root/sgx/samplecode/wasmi/app/target/release/build/wabt-sys-df2057af7e7ecab9/out/build/CMakeFiles/CMakeTmp'
make[1]: Leaving directory '/root/sgx/samplecode/wasmi/app/target/release/build/wabt-sys-df2057af7e7ecab9/out/build/CMakeFiles/CMakeTmp'


Determining if the include file stddef.h exists passed with the following output:
Change Dir: /root/sgx/samplecode/wasmi/app/target/release/build/wabt-sys-df2057af7e7ecab9/out/build/CMakeFiles/CMakeTmp

Run Build Command:"/usr/bin/make" "cmTC_f457e/fast"
make[1]: Entering directory '/root/sgx/samplecode/wasmi/app/target/release/build/wabt-sys-df2057af7e7ecab9/out/build/CMakeFiles/CMakeTmp'
/usr/bin/make -f CMakeFiles/cmTC_f457e.dir/build.make CMakeFiles/cmTC_f457e.dir/build
make[2]: Entering directory '/root/sgx/samplecode/wasmi/app/target/release/build/wabt-sys-df2057af7e7ecab9/out/build/CMakeFiles/CMakeTmp'
Building C object CMakeFiles/cmTC_f457e.dir/CheckIncludeFile.c.o
/usr/bin/cc    -ffunction-sections -fdata-sections -fPIC -m64    -o CMakeFiles/cmTC_f457e.dir/CheckIncludeFile.c.o   -c /root/sgx/samplecode/wasmi/app/target/release/build/wabt-sys-df2057af7e7ecab9/out/build/CMakeFiles/CMakeTmp/CheckIncludeFile.c
Linking C executable cmTC_f457e
/usr/bin/cmake -E cmake_link_script CMakeFiles/cmTC_f457e.dir/link.txt --verbose=1
/usr/bin/cc   -ffunction-sections -fdata-sections -fPIC -m64     CMakeFiles/cmTC_f457e.dir/CheckIncludeFile.c.o  -o cmTC_f457e -rdynamic 
make[2]: Leaving directory '/root/sgx/samplecode/wasmi/app/target/release/build/wabt-sys-df2057af7e7ecab9/out/build/CMakeFiles/CMakeTmp'
make[1]: Leaving directory '/root/sgx/samplecode/wasmi/app/target/release/build/wabt-sys-df2057af7e7ecab9/out/build/CMakeFiles/CMakeTmp'


Determining size of ssize_t passed with the following output:
Change Dir: /root/sgx/samplecode/wasmi/app/target/release/build/wabt-sys-df2057af7e7ecab9/out/build/CMakeFiles/CMakeTmp

Run Build Command:"/usr/bin/make" "cmTC_89100/fast"
make[1]: Entering directory '/root/sgx/samplecode/wasmi/app/target/release/build/wabt-sys-df2057af7e7ecab9/out/build/CMakeFiles/CMakeTmp'
/usr/bin/make -f CMakeFiles/cmTC_89100.dir/build.make CMakeFiles/cmTC_89100.dir/build
make[2]: Entering directory '/root/sgx/samplecode/wasmi/app/target/release/build/wabt-sys-df2057af7e7ecab9/out/build/CMakeFiles/CMakeTmp'
Building C object CMakeFiles/cmTC_89100.dir/SSIZE_T.c.o
/usr/bin/cc    -ffunction-sections -fdata-sections -fPIC -m64    -o CMakeFiles/cmTC_89100.dir/SSIZE_T.c.o   -c /root/sgx/samplecode/wasmi/app/target/release/build/wabt-sys-df2057af7e7ecab9/out/build/CMakeFiles/CheckTypeSize/SSIZE_T.c
Linking C executable cmTC_89100
/usr/bin/cmake -E cmake_link_script CMakeFiles/cmTC_89100.dir/link.txt --verbose=1
/usr/bin/cc   -ffunction-sections -fdata-sections -fPIC -m64     CMakeFiles/cmTC_89100.dir/SSIZE_T.c.o  -o cmTC_89100 -rdynamic 
make[2]: Leaving directory '/root/sgx/samplecode/wasmi/app/target/release/build/wabt-sys-df2057af7e7ecab9/out/build/CMakeFiles/CMakeTmp'
make[1]: Leaving directory '/root/sgx/samplecode/wasmi/app/target/release/build/wabt-sys-df2057af7e7ecab9/out/build/CMakeFiles/CMakeTmp'


Determining size of size_t passed with the following output:
Change Dir: /root/sgx/samplecode/wasmi/app/target/release/build/wabt-sys-df2057af7e7ecab9/out/build/CMakeFiles/CMakeTmp

Run Build Command:"/usr/bin/make" "cmTC_40ef6/fast"
make[1]: Entering directory '/root/sgx/samplecode/wasmi/app/target/release/build/wabt-sys-df2057af7e7ecab9/out/build/CMakeFiles/CMakeTmp'
/usr/bin/make -f CMakeFiles/cmTC_40ef6.dir/build.make CMakeFiles/cmTC_40ef6.dir/build
make[2]: Entering directory '/root/sgx/samplecode/wasmi/app/target/release/build/wabt-sys-df2057af7e7ecab9/out/build/CMakeFiles/CMakeTmp'
Building C object CMakeFiles/cmTC_40ef6.dir/SIZEOF_SIZE_T.c.o
/usr/bin/cc    -ffunction-sections -fdata-sections -fPIC -m64    -o CMakeFiles/cmTC_40ef6.dir/SIZEOF_SIZE_T.c.o   -c /root/sgx/samplecode/wasmi/app/target/release/build/wabt-sys-df2057af7e7ecab9/out/build/CMakeFiles/CheckTypeSize/SIZEOF_SIZE_T.c
Linking C executable cmTC_40ef6
/usr/bin/cmake -E cmake_link_script CMakeFiles/cmTC_40ef6.dir/link.txt --verbose=1
/usr/bin/cc   -ffunction-sections -fdata-sections -fPIC -m64     CMakeFiles/cmTC_40ef6.dir/SIZEOF_SIZE_T.c.o  -o cmTC_40ef6 -rdynamic 
make[2]: Leaving directory '/root/sgx/samplecode/wasmi/app/target/release/build/wabt-sys-df2057af7e7ecab9/out/build/CMakeFiles/CMakeTmp'
make[1]: Leaving directory '/root/sgx/samplecode/wasmi/app/target/release/build/wabt-sys-df2057af7e7ecab9/out/build/CMakeFiles/CMakeTmp'


Determining if the include file pthread.h exists passed with the following output:
Change Dir: /root/sgx/samplecode/wasmi/app/target/release/build/wabt-sys-df2057af7e7ecab9/out/build/CMakeFiles/CMakeTmp

Run Build Command:"/usr/bin/make" "cmTC_1eb40/fast"
make[1]: Entering directory '/root/sgx/samplecode/wasmi/app/target/release/build/wabt-sys-df2057af7e7ecab9/out/build/CMakeFiles/CMakeTmp'
/usr/bin/make -f CMakeFiles/cmTC_1eb40.dir/build.make CMakeFiles/cmTC_1eb40.dir/build
make[2]: Entering directory '/root/sgx/samplecode/wasmi/app/target/release/build/wabt-sys-df2057af7e7ecab9/out/build/CMakeFiles/CMakeTmp'
Building C object CMakeFiles/cmTC_1eb40.dir/CheckIncludeFile.c.o
/usr/bin/cc    -ffunction-sections -fdata-sections -fPIC -m64    -o CMakeFiles/cmTC_1eb40.dir/CheckIncludeFile.c.o   -c /root/sgx/samplecode/wasmi/app/target/release/build/wabt-sys-df2057af7e7ecab9/out/build/CMakeFiles/CMakeTmp/CheckIncludeFile.c
Linking C executable cmTC_1eb40
/usr/bin/cmake -E cmake_link_script CMakeFiles/cmTC_1eb40.dir/link.txt --verbose=1
/usr/bin/cc   -ffunction-sections -fdata-sections -fPIC -m64     CMakeFiles/cmTC_1eb40.dir/CheckIncludeFile.c.o  -o cmTC_1eb40 -rdynamic 
make[2]: Leaving directory '/root/sgx/samplecode/wasmi/app/target/release/build/wabt-sys-df2057af7e7ecab9/out/build/CMakeFiles/CMakeTmp'
make[1]: Leaving directory '/root/sgx/samplecode/wasmi/app/target/release/build/wabt-sys-df2057af7e7ecab9/out/build/CMakeFiles/CMakeTmp'


Determining if the function pthread_create exists in the pthread passed with the following output:
Change Dir: /root/sgx/samplecode/wasmi/app/target/release/build/wabt-sys-df2057af7e7ecab9/out/build/CMakeFiles/CMakeTmp

Run Build Command:"/usr/bin/make" "cmTC_f551e/fast"
make[1]: Entering directory '/root/sgx/samplecode/wasmi/app/target/release/build/wabt-sys-df2057af7e7ecab9/out/build/CMakeFiles/CMakeTmp'
/usr/bin/make -f CMakeFiles/cmTC_f551e.dir/build.make CMakeFiles/cmTC_f551e.dir/build
make[2]: Entering directory '/root/sgx/samplecode/wasmi/app/target/release/build/wabt-sys-df2057af7e7ecab9/out/build/CMakeFiles/CMakeTmp'
Building C object CMakeFiles/cmTC_f551e.dir/CheckFunctionExists.c.o
/usr/bin/cc    -ffunction-sections -fdata-sections -fPIC -m64 -DCHECK_FUNCTION_EXISTS=pthread_create   -o CMakeFiles/cmTC_f551e.dir/CheckFunctionExists.c.o   -c /usr/share/cmake-3.5/Modules/CheckFunctionExists.c
Linking C executable cmTC_f551e
/usr/bin/cmake -E cmake_link_script CMakeFiles/cmTC_f551e.dir/link.txt --verbose=1
/usr/bin/cc   -ffunction-sections -fdata-sections -fPIC -m64 -DCHECK_FUNCTION_EXISTS=pthread_create    CMakeFiles/cmTC_f551e.dir/CheckFunctionExists.c.o  -o cmTC_f551e -rdynamic -lpthread 
make[2]: Leaving directory '/root/sgx/samplecode/wasmi/app/target/release/build/wabt-sys-df2057af7e7ecab9/out/build/CMakeFiles/CMakeTmp'
make[1]: Leaving directory '/root/sgx/samplecode/wasmi/app/target/release/build/wabt-sys-df2057af7e7ecab9/out/build/CMakeFiles/CMakeTmp'


