Determining if the pthread_create exist failed with the following output:
Change Dir: /root/sgx/samplecode/hello-dfinity/app/target/release/build/wabt-sys-df2057af7e7ecab9/out/build/CMakeFiles/CMakeTmp

Run Build Command:"/usr/bin/make" "cmTC_f41e8/fast"
make[1]: Entering directory '/root/sgx/samplecode/hello-dfinity/app/target/release/build/wabt-sys-df2057af7e7ecab9/out/build/CMakeFiles/CMakeTmp'
/usr/bin/make -f CMakeFiles/cmTC_f41e8.dir/build.make CMakeFiles/cmTC_f41e8.dir/build
make[2]: Entering directory '/root/sgx/samplecode/hello-dfinity/app/target/release/build/wabt-sys-df2057af7e7ecab9/out/build/CMakeFiles/CMakeTmp'
Building C object CMakeFiles/cmTC_f41e8.dir/CheckSymbolExists.c.o
/usr/bin/cc    -ffunction-sections -fdata-sections -fPIC -m64    -o CMakeFiles/cmTC_f41e8.dir/CheckSymbolExists.c.o   -c /root/sgx/samplecode/hello-dfinity/app/target/release/build/wabt-sys-df2057af7e7ecab9/out/build/CMakeFiles/CMakeTmp/CheckSymbolExists.c
Linking C executable cmTC_f41e8
/usr/bin/cmake -E cmake_link_script CMakeFiles/cmTC_f41e8.dir/link.txt --verbose=1
/usr/bin/cc   -ffunction-sections -fdata-sections -fPIC -m64     CMakeFiles/cmTC_f41e8.dir/CheckSymbolExists.c.o  -o cmTC_f41e8 -rdynamic 
CMakeFiles/cmTC_f41e8.dir/CheckSymbolExists.c.o: In function `main':
CheckSymbolExists.c:(.text.main+0x1b): undefined reference to `pthread_create'
collect2: error: ld returned 1 exit status
CMakeFiles/cmTC_f41e8.dir/build.make:97: recipe for target 'cmTC_f41e8' failed
make[2]: *** [cmTC_f41e8] Error 1
make[2]: Leaving directory '/root/sgx/samplecode/hello-dfinity/app/target/release/build/wabt-sys-df2057af7e7ecab9/out/build/CMakeFiles/CMakeTmp'
Makefile:126: recipe for target 'cmTC_f41e8/fast' failed
make[1]: *** [cmTC_f41e8/fast] Error 2
make[1]: Leaving directory '/root/sgx/samplecode/hello-dfinity/app/target/release/build/wabt-sys-df2057af7e7ecab9/out/build/CMakeFiles/CMakeTmp'

File /root/sgx/samplecode/hello-dfinity/app/target/release/build/wabt-sys-df2057af7e7ecab9/out/build/CMakeFiles/CMakeTmp/CheckSymbolExists.c:
/* */
#include <pthread.h>

int main(int argc, char** argv)
{
  (void)argv;
#ifndef pthread_create
  return ((int*)(&pthread_create))[argc];
#else
  (void)argc;
  return 0;
#endif
}

Determining if the function pthread_create exists in the pthreads failed with the following output:
Change Dir: /root/sgx/samplecode/hello-dfinity/app/target/release/build/wabt-sys-df2057af7e7ecab9/out/build/CMakeFiles/CMakeTmp

Run Build Command:"/usr/bin/make" "cmTC_4ee90/fast"
make[1]: Entering directory '/root/sgx/samplecode/hello-dfinity/app/target/release/build/wabt-sys-df2057af7e7ecab9/out/build/CMakeFiles/CMakeTmp'
/usr/bin/make -f CMakeFiles/cmTC_4ee90.dir/build.make CMakeFiles/cmTC_4ee90.dir/build
make[2]: Entering directory '/root/sgx/samplecode/hello-dfinity/app/target/release/build/wabt-sys-df2057af7e7ecab9/out/build/CMakeFiles/CMakeTmp'
Building C object CMakeFiles/cmTC_4ee90.dir/CheckFunctionExists.c.o
/usr/bin/cc    -ffunction-sections -fdata-sections -fPIC -m64 -DCHECK_FUNCTION_EXISTS=pthread_create   -o CMakeFiles/cmTC_4ee90.dir/CheckFunctionExists.c.o   -c /usr/share/cmake-3.5/Modules/CheckFunctionExists.c
Linking C executable cmTC_4ee90
/usr/bin/cmake -E cmake_link_script CMakeFiles/cmTC_4ee90.dir/link.txt --verbose=1
/usr/bin/cc   -ffunction-sections -fdata-sections -fPIC -m64 -DCHECK_FUNCTION_EXISTS=pthread_create    CMakeFiles/cmTC_4ee90.dir/CheckFunctionExists.c.o  -o cmTC_4ee90 -rdynamic -lpthreads 
/usr/bin/ld: cannot find -lpthreads
collect2: error: ld returned 1 exit status
CMakeFiles/cmTC_4ee90.dir/build.make:97: recipe for target 'cmTC_4ee90' failed
make[2]: *** [cmTC_4ee90] Error 1
make[2]: Leaving directory '/root/sgx/samplecode/hello-dfinity/app/target/release/build/wabt-sys-df2057af7e7ecab9/out/build/CMakeFiles/CMakeTmp'
Makefile:126: recipe for target 'cmTC_4ee90/fast' failed
make[1]: *** [cmTC_4ee90/fast] Error 2
make[1]: Leaving directory '/root/sgx/samplecode/hello-dfinity/app/target/release/build/wabt-sys-df2057af7e7ecab9/out/build/CMakeFiles/CMakeTmp'


