Determining if the pthread_create exist failed with the following output:
Change Dir: /root/sgx/samplecode/wasmi/enclave/target/release/build/wabt-sys-ee56d9752fded0aa/out/build/CMakeFiles/CMakeTmp

Run Build Command:"/usr/bin/make" "cmTC_12173/fast"
make[2]: Entering directory '/root/sgx/samplecode/wasmi/enclave/target/release/build/wabt-sys-ee56d9752fded0aa/out/build/CMakeFiles/CMakeTmp'
/usr/bin/make -f CMakeFiles/cmTC_12173.dir/build.make CMakeFiles/cmTC_12173.dir/build
make[3]: Entering directory '/root/sgx/samplecode/wasmi/enclave/target/release/build/wabt-sys-ee56d9752fded0aa/out/build/CMakeFiles/CMakeTmp'
Building C object CMakeFiles/cmTC_12173.dir/CheckSymbolExists.c.o
/usr/bin/cc    -ffunction-sections -fdata-sections -fPIC -m64    -o CMakeFiles/cmTC_12173.dir/CheckSymbolExists.c.o   -c /root/sgx/samplecode/wasmi/enclave/target/release/build/wabt-sys-ee56d9752fded0aa/out/build/CMakeFiles/CMakeTmp/CheckSymbolExists.c
Linking C executable cmTC_12173
/usr/bin/cmake -E cmake_link_script CMakeFiles/cmTC_12173.dir/link.txt --verbose=1
/usr/bin/cc   -ffunction-sections -fdata-sections -fPIC -m64     CMakeFiles/cmTC_12173.dir/CheckSymbolExists.c.o  -o cmTC_12173 -rdynamic 
CMakeFiles/cmTC_12173.dir/CheckSymbolExists.c.o: In function `main':
CheckSymbolExists.c:(.text.main+0x1b): undefined reference to `pthread_create'
collect2: error: ld returned 1 exit status
CMakeFiles/cmTC_12173.dir/build.make:97: recipe for target 'cmTC_12173' failed
make[3]: *** [cmTC_12173] Error 1
make[3]: Leaving directory '/root/sgx/samplecode/wasmi/enclave/target/release/build/wabt-sys-ee56d9752fded0aa/out/build/CMakeFiles/CMakeTmp'
Makefile:126: recipe for target 'cmTC_12173/fast' failed
make[2]: *** [cmTC_12173/fast] Error 2
make[2]: Leaving directory '/root/sgx/samplecode/wasmi/enclave/target/release/build/wabt-sys-ee56d9752fded0aa/out/build/CMakeFiles/CMakeTmp'

File /root/sgx/samplecode/wasmi/enclave/target/release/build/wabt-sys-ee56d9752fded0aa/out/build/CMakeFiles/CMakeTmp/CheckSymbolExists.c:
/* */
#include <pthread.h>

int main(int argc, char** argv)
{
  (void)argv;
#ifndef pthread_create
  return ((int*)(&pthread_create))[argc];
#else
  (void)argc;
  return 0;
#endif
}

Determining if the function pthread_create exists in the pthreads failed with the following output:
Change Dir: /root/sgx/samplecode/wasmi/enclave/target/release/build/wabt-sys-ee56d9752fded0aa/out/build/CMakeFiles/CMakeTmp

Run Build Command:"/usr/bin/make" "cmTC_f89c0/fast"
make[2]: Entering directory '/root/sgx/samplecode/wasmi/enclave/target/release/build/wabt-sys-ee56d9752fded0aa/out/build/CMakeFiles/CMakeTmp'
/usr/bin/make -f CMakeFiles/cmTC_f89c0.dir/build.make CMakeFiles/cmTC_f89c0.dir/build
make[3]: Entering directory '/root/sgx/samplecode/wasmi/enclave/target/release/build/wabt-sys-ee56d9752fded0aa/out/build/CMakeFiles/CMakeTmp'
Building C object CMakeFiles/cmTC_f89c0.dir/CheckFunctionExists.c.o
/usr/bin/cc    -ffunction-sections -fdata-sections -fPIC -m64 -DCHECK_FUNCTION_EXISTS=pthread_create   -o CMakeFiles/cmTC_f89c0.dir/CheckFunctionExists.c.o   -c /usr/share/cmake-3.5/Modules/CheckFunctionExists.c
Linking C executable cmTC_f89c0
/usr/bin/cmake -E cmake_link_script CMakeFiles/cmTC_f89c0.dir/link.txt --verbose=1
/usr/bin/cc   -ffunction-sections -fdata-sections -fPIC -m64 -DCHECK_FUNCTION_EXISTS=pthread_create    CMakeFiles/cmTC_f89c0.dir/CheckFunctionExists.c.o  -o cmTC_f89c0 -rdynamic -lpthreads 
/usr/bin/ld: cannot find -lpthreads
collect2: error: ld returned 1 exit status
CMakeFiles/cmTC_f89c0.dir/build.make:97: recipe for target 'cmTC_f89c0' failed
make[3]: *** [cmTC_f89c0] Error 1
make[3]: Leaving directory '/root/sgx/samplecode/wasmi/enclave/target/release/build/wabt-sys-ee56d9752fded0aa/out/build/CMakeFiles/CMakeTmp'
Makefile:126: recipe for target 'cmTC_f89c0/fast' failed
make[2]: *** [cmTC_f89c0/fast] Error 2
make[2]: Leaving directory '/root/sgx/samplecode/wasmi/enclave/target/release/build/wabt-sys-ee56d9752fded0aa/out/build/CMakeFiles/CMakeTmp'


